#
# There is insufficient memory for the Java Runtime Environment to continue.
# Native memory allocation (mmap) failed to map 89128960 bytes for Failed to commit area from 0x000000008ea00000 to 0x0000000093f00000 of length 89128960.
# Possible reasons:
#   The system is out of physical RAM or swap space
#   The process is running with CompressedOops enabled, and the Java Heap may be blocking the growth of the native heap
# Possible solutions:
#   Reduce memory load on the system
#   Increase physical memory or swap space
#   Check if swap backing store is full
#   Decrease Java heap size (-Xmx/-Xms)
#   Decrease number of Java threads
#   Decrease Java thread stack sizes (-Xss)
#   Set larger code cache with -XX:ReservedCodeCacheSize=
#   JVM is running with Unscaled Compressed Oops mode in which the Java heap is
#     placed in the first 4GB address space. The Java Heap base address is the
#     maximum limit for the native heap growth. Please use -XX:HeapBaseMinAddress
#     to set the Java Heap base and to place the Java Heap above 4GB virtual address.
# This output file may be truncated or incomplete.
#
#  Out of Memory Error (./src/hotspot/os/windows/os_windows.cpp:3303), pid=4992, tid=2768
#
# JRE version: OpenJDK Runtime Environment (11.0.8+10) (build 11.0.8+10-b944.6842174)
# Java VM: OpenJDK 64-Bit Server VM (11.0.8+10-b944.6842174, mixed mode, tiered, compressed oops, g1 gc, windows-amd64)
# No core dump will be written. Minidumps are not enabled by default on client versions of Windows
#

---------------  S U M M A R Y ------------

Command Line: --add-opens=java.base/java.util=ALL-UNNAMED --add-opens=java.base/java.lang=ALL-UNNAMED --add-opens=java.base/java.lang.invoke=ALL-UNNAMED --add-opens=java.prefs/java.util.prefs=ALL-UNNAMED -Xmx2048m -Dfile.encoding=UTF-8 -Duser.country=BR -Duser.language=pt -Duser.variant org.gradle.launcher.daemon.bootstrap.GradleDaemon 6.7.1

Host: Intel(R) Core(TM) i3-5005U CPU @ 2.00GHz, 4 cores, 3G,  Windows 10 , 64 bit Build 19041 (10.0.19041.928)
Time: Tue Jul 20 11:01:05 2021 Hora oficial do Brasil elapsed time: 211 seconds (0d 0h 3m 31s)

---------------  T H R E A D  ---------------

Current thread (0x000001e730360000):  VMThread "VM Thread" [stack: 0x0000005de0e00000,0x0000005de0f00000] [id=2768]

Stack: [0x0000005de0e00000,0x0000005de0f00000]
[error occurred during error reporting (printing stack bounds), id 0xc0000005, EXCEPTION_ACCESS_VIOLATION (0xc0000005) at pc=0x000001e719b40dad]

Native frames: (J=compiled Java code, j=interpreted, Vv=VM code, C=native code)
V  [jvm.dll+0x5de50a]
V  [jvm.dll+0x7122f5]
V  [jvm.dll+0x71384d]
V  [jvm.dll+0x713e65]
V  [jvm.dll+0x713e1b]
V  [jvm.dll+0x5dd958]
V  [jvm.dll+0x5de0f8]
C  [ntdll.dll+0xa217f]
C  [ntdll.dll+0x51454]
C  [ntdll.dll+0xa0cae]
C  0x000001e719b40dad

VM_Operation (0x0000005deb5fe120): G1CollectForAllocation, mode: safepoint, requested by thread 0x000001e738d6e000


---------------  P R O C E S S  ---------------

Threads class SMR info:
_java_thread_list=0x000001e73863fce0, length=168, elements={
0x000001e7149b6800, 0x000001e730366800, 0x000001e73036a800, 0x000001e7303c0800,
0x000001e7303c1800, 0x000001e7303c5000, 0x000001e7303d4800, 0x000001e7303dd800,
0x000001e730e4b800, 0x000001e730e6e800, 0x000001e73200b800, 0x000001e731eba800,
0x000001e731ed8800, 0x000001e7303d3000, 0x000001e7303d5800, 0x000001e7303d2000,
0x000001e736352000, 0x000001e736354000, 0x000001e733427000, 0x000001e73341f800,
0x000001e733424000, 0x000001e73342b000, 0x000001e73342c000, 0x000001e733428800,
0x000001e733429800, 0x000001e73342d000, 0x000001e73342a800, 0x000001e736350000,
0x000001e736351000, 0x000001e736353800, 0x000001e736358800, 0x000001e736352800,
0x000001e736355000, 0x000001e736357800, 0x000001e736356800, 0x000001e73635f000,
0x000001e73635d000, 0x000001e73635e000, 0x000001e7303d0000, 0x000001e7303d6800,
0x000001e7303d1800, 0x000001e7303d0800, 0x000001e7303d4000, 0x000001e739f27000,
0x000001e739f25800, 0x000001e739f28000, 0x000001e739f29800, 0x000001e739f29000,
0x000001e739f2b800, 0x000001e739f2a800, 0x000001e739f2c000, 0x000001e739f26800,
0x000001e7383b8800, 0x000001e7383b9800, 0x000001e7383b8000, 0x000001e7383b7000,
0x000001e7383bb000, 0x000001e7383ba000, 0x000001e7383b5800, 0x000001e7383bc000,
0x000001e7383b6000, 0x000001e7383c0800, 0x000001e7383c1800, 0x000001e7383c2800,
0x000001e7383be800, 0x000001e7383bd800, 0x000001e7383bf000, 0x000001e7383c0000,
0x000001e7383bc800, 0x000001e7383c3000, 0x000001e7383c4000, 0x000001e73589e800,
0x000001e73589d000, 0x000001e73589d800, 0x000001e73589f000, 0x000001e73589c000,
0x000001e735899800, 0x000001e7358a0000, 0x000001e73589a800, 0x000001e7358a1000,
0x000001e73589b000, 0x000001e7358a4000, 0x000001e7358a2800, 0x000001e7358a7800,
0x000001e7358a3800, 0x000001e7358a5000, 0x000001e7358a5800, 0x000001e7358a1800,
0x000001e7358a8000, 0x000001e7358a6800, 0x000001e73a009000, 0x000001e73a005800,
0x000001e73a006800, 0x000001e73a007000, 0x000001e73a009800, 0x000001e73a008000,
0x000001e73a010000, 0x000001e73a00f800, 0x000001e73a00a800, 0x000001e73a011000,
0x000001e73a00d800, 0x000001e73a00b000, 0x000001e73a00d000, 0x000001e73a00c000,
0x000001e73a014000, 0x000001e73a013800, 0x000001e73a00e800, 0x000001e73a012000,
0x000001e73a012800, 0x000001e734b4e000, 0x000001e734b48800, 0x000001e734b4c800,
0x000001e734b4f000, 0x000001e734b49000, 0x000001e734b4a000, 0x000001e734b4f800,
0x000001e734b4a800, 0x000001e734b51800, 0x000001e734b50800, 0x000001e734b4b800,
0x000001e734b52000, 0x000001e734b53000, 0x000001e734b4d000, 0x000001e734b55800,
0x000001e734b56000, 0x000001e734b53800, 0x000001e734b54800, 0x000001e734b57000,
0x000001e734b58800, 0x000001e734b5a000, 0x000001e734b59000, 0x000001e734b5a800,
0x000001e734b5b800, 0x000001e734b5f000, 0x000001e734b5d000, 0x000001e734b5e000,
0x000001e734b5f800, 0x000001e733425800, 0x000001e733426800, 0x000001e733420800,
0x000001e733423000, 0x000001e733422000, 0x000001e733421800, 0x000001e733424800,
0x000001e733428000, 0x000001e73342e800, 0x000001e734b60800, 0x000001e734b62000,
0x000001e734b61800, 0x000001e734b5c800, 0x000001e734b63000, 0x000001e734b64800,
0x000001e734b63800, 0x000001e734b67000, 0x000001e734b65800, 0x000001e734b66000,
0x000001e736359000, 0x000001e73635c800, 0x000001e73635a000, 0x000001e73635a800,
0x000001e73635b800, 0x000001e73342d800, 0x000001e738d6e800, 0x000001e738d6c000,
0x000001e738d6f800, 0x000001e738d69800, 0x000001e738d6e000, 0x000001e738d70000
}

Java Threads: ( => current thread )
  0x000001e7149b6800 JavaThread "main" [_thread_blocked, id=1516, stack(0x0000005de0800000,0x0000005de0900000)]
  0x000001e730366800 JavaThread "Reference Handler" daemon [_thread_blocked, id=5532, stack(0x0000005de0f00000,0x0000005de1000000)]
  0x000001e73036a800 JavaThread "Finalizer" daemon [_thread_blocked, id=5876, stack(0x0000005de1000000,0x0000005de1100000)]
  0x000001e7303c0800 JavaThread "Signal Dispatcher" daemon [_thread_blocked, id=5600, stack(0x0000005de1100000,0x0000005de1200000)]
  0x000001e7303c1800 JavaThread "Attach Listener" daemon [_thread_blocked, id=596, stack(0x0000005de1200000,0x0000005de1300000)]
  0x000001e7303c5000 JavaThread "C2 CompilerThread0" daemon [_thread_in_native, id=4392, stack(0x0000005de1300000,0x0000005de1400000)]
  0x000001e7303d4800 JavaThread "C1 CompilerThread0" daemon [_thread_blocked, id=3700, stack(0x0000005de1400000,0x0000005de1500000)]
  0x000001e7303dd800 JavaThread "Sweeper thread" daemon [_thread_blocked, id=5752, stack(0x0000005de1500000,0x0000005de1600000)]
  0x000001e730e4b800 JavaThread "Common-Cleaner" daemon [_thread_blocked, id=3616, stack(0x0000005de1600000,0x0000005de1700000)]
  0x000001e730e6e800 JavaThread "Service Thread" daemon [_thread_blocked, id=824, stack(0x0000005de1700000,0x0000005de1800000)]
  0x000001e73200b800 JavaThread "Daemon health stats" [_thread_blocked, id=5580, stack(0x0000005de1b00000,0x0000005de1c00000)]
  0x000001e731eba800 JavaThread "Incoming local TCP Connector on port 65242" [_thread_in_native, id=1884, stack(0x0000005de1d00000,0x0000005de1e00000)]
  0x000001e731ed8800 JavaThread "Daemon periodic checks" [_thread_blocked, id=4856, stack(0x0000005de1e00000,0x0000005de1f00000)]
  0x000001e7303d3000 JavaThread "Cache worker for file hash cache (C:\Users\User\.gradle\caches\6.7.1\fileHashes)" [_thread_blocked, id=1896, stack(0x0000005de2800000,0x0000005de2900000)]
  0x000001e7303d5800 JavaThread "File lock request listener" [_thread_in_native, id=5332, stack(0x0000005de2900000,0x0000005de2a00000)]
  0x000001e7303d2000 JavaThread "Cache worker for journal cache (C:\Users\User\.gradle\caches\journal-1)" [_thread_blocked, id=5736, stack(0x0000005de2a00000,0x0000005de2b00000)]
  0x000001e736352000 JavaThread "Cache worker for execution history cache (C:\Users\User\.gradle\caches\6.7.1\executionHistory)" [_thread_blocked, id=4596, stack(0x0000005de4500000,0x0000005de4600000)]
  0x000001e736354000 JavaThread "Cache worker for file content cache (C:\Users\User\.gradle\caches\6.7.1\fileContent)" [_thread_blocked, id=920, stack(0x0000005de4600000,0x0000005de4700000)]
  0x000001e733427000 JavaThread "Memory manager" [_thread_blocked, id=3208, stack(0x0000005deab00000,0x0000005deac00000)]
  0x000001e73341f800 JavaThread "Daemon Thread 2" [_thread_blocked, id=5160, stack(0x0000005de0500000,0x0000005de0600000)]
  0x000001e733424000 JavaThread "Daemon worker Thread 2" [_thread_blocked, id=212, stack(0x0000005de1f00000,0x0000005de2000000)]
  0x000001e73342b000 JavaThread "jar transforms Thread 117" [_thread_blocked, id=952, stack(0x0000005de2c00000,0x0000005de2d00000)]
  0x000001e73342c000 JavaThread "jar transforms Thread 118" [_thread_blocked, id=3188, stack(0x0000005de2d00000,0x0000005de2e00000)]
  0x000001e733428800 JavaThread "jar transforms Thread 119" [_thread_blocked, id=308, stack(0x0000005de2e00000,0x0000005de2f00000)]
  0x000001e733429800 JavaThread "jar transforms Thread 120" [_thread_blocked, id=5188, stack(0x0000005de2f00000,0x0000005de3000000)]
  0x000001e73342d000 JavaThread "jar transforms Thread 121" [_thread_blocked, id=492, stack(0x0000005de3000000,0x0000005de3100000)]
  0x000001e73342a800 JavaThread "jar transforms Thread 122" [_thread_blocked, id=4664, stack(0x0000005de3100000,0x0000005de3200000)]
  0x000001e736350000 JavaThread "jar transforms Thread 123" [_thread_blocked, id=4284, stack(0x0000005de3200000,0x0000005de3300000)]
  0x000001e736351000 JavaThread "jar transforms Thread 124" [_thread_blocked, id=4484, stack(0x0000005de3300000,0x0000005de3400000)]
  0x000001e736353800 JavaThread "jar transforms Thread 125" [_thread_blocked, id=2316, stack(0x0000005de3400000,0x0000005de3500000)]
  0x000001e736358800 JavaThread "jar transforms Thread 126" [_thread_blocked, id=3600, stack(0x0000005de3500000,0x0000005de3600000)]
  0x000001e736352800 JavaThread "jar transforms Thread 127" [_thread_blocked, id=5732, stack(0x0000005de3600000,0x0000005de3700000)]
  0x000001e736355000 JavaThread "jar transforms Thread 128" [_thread_blocked, id=4916, stack(0x0000005de3700000,0x0000005de3800000)]
  0x000001e736357800 JavaThread "jar transforms Thread 129" [_thread_blocked, id=2604, stack(0x0000005de3d00000,0x0000005de3e00000)]
  0x000001e736356800 JavaThread "jar transforms Thread 130" [_thread_blocked, id=4632, stack(0x0000005de3e00000,0x0000005de3f00000)]
  0x000001e73635f000 JavaThread "jar transforms Thread 131" [_thread_blocked, id=5740, stack(0x0000005de3f00000,0x0000005de4000000)]
  0x000001e73635d000 JavaThread "jar transforms Thread 132" [_thread_blocked, id=4208, stack(0x0000005de4000000,0x0000005de4100000)]
  0x000001e73635e000 JavaThread "jar transforms Thread 133" [_thread_blocked, id=3172, stack(0x0000005de4100000,0x0000005de4200000)]
  0x000001e7303d0000 JavaThread "jar transforms Thread 134" [_thread_blocked, id=3728, stack(0x0000005de4200000,0x0000005de4300000)]
  0x000001e7303d6800 JavaThread "jar transforms Thread 135" [_thread_blocked, id=2496, stack(0x0000005de4300000,0x0000005de4400000)]
  0x000001e7303d1800 JavaThread "jar transforms Thread 136" [_thread_blocked, id=5508, stack(0x0000005de4400000,0x0000005de4500000)]
  0x000001e7303d0800 JavaThread "jar transforms Thread 137" [_thread_blocked, id=2080, stack(0x0000005de4700000,0x0000005de4800000)]
  0x000001e7303d4000 JavaThread "jar transforms Thread 138" [_thread_blocked, id=4744, stack(0x0000005de4800000,0x0000005de4900000)]
  0x000001e739f27000 JavaThread "jar transforms Thread 139" [_thread_blocked, id=1464, stack(0x0000005de4900000,0x0000005de4a00000)]
  0x000001e739f25800 JavaThread "jar transforms Thread 140" [_thread_blocked, id=2868, stack(0x0000005de4a00000,0x0000005de4b00000)]
  0x000001e739f28000 JavaThread "jar transforms Thread 141" [_thread_blocked, id=5596, stack(0x0000005de4b00000,0x0000005de4c00000)]
  0x000001e739f29800 JavaThread "jar transforms Thread 142" [_thread_blocked, id=4440, stack(0x0000005de4c00000,0x0000005de4d00000)]
  0x000001e739f29000 JavaThread "jar transforms Thread 143" [_thread_blocked, id=5620, stack(0x0000005de4d00000,0x0000005de4e00000)]
  0x000001e739f2b800 JavaThread "jar transforms Thread 144" [_thread_blocked, id=3876, stack(0x0000005de4e00000,0x0000005de4f00000)]
  0x000001e739f2a800 JavaThread "jar transforms Thread 145" [_thread_blocked, id=1800, stack(0x0000005de4f00000,0x0000005de5000000)]
  0x000001e739f2c000 JavaThread "jar transforms Thread 146" [_thread_blocked, id=6100, stack(0x0000005de5000000,0x0000005de5100000)]
  0x000001e739f26800 JavaThread "jar transforms Thread 147" [_thread_blocked, id=3140, stack(0x0000005de5100000,0x0000005de5200000)]
  0x000001e7383b8800 JavaThread "jar transforms Thread 148" [_thread_blocked, id=860, stack(0x0000005de5200000,0x0000005de5300000)]
  0x000001e7383b9800 JavaThread "jar transforms Thread 149" [_thread_blocked, id=5296, stack(0x0000005de5300000,0x0000005de5400000)]
  0x000001e7383b8000 JavaThread "jar transforms Thread 150" [_thread_blocked, id=2876, stack(0x0000005de5400000,0x0000005de5500000)]
  0x000001e7383b7000 JavaThread "jar transforms Thread 151" [_thread_blocked, id=2124, stack(0x0000005de5500000,0x0000005de5600000)]
  0x000001e7383bb000 JavaThread "jar transforms Thread 152" [_thread_blocked, id=4136, stack(0x0000005de5600000,0x0000005de5700000)]
  0x000001e7383ba000 JavaThread "jar transforms Thread 153" [_thread_blocked, id=1828, stack(0x0000005de5700000,0x0000005de5800000)]
  0x000001e7383b5800 JavaThread "jar transforms Thread 154" [_thread_blocked, id=5700, stack(0x0000005de5800000,0x0000005de5900000)]
  0x000001e7383bc000 JavaThread "jar transforms Thread 155" [_thread_blocked, id=3672, stack(0x0000005de5900000,0x0000005de5a00000)]
  0x000001e7383b6000 JavaThread "jar transforms Thread 156" [_thread_blocked, id=3076, stack(0x0000005de5a00000,0x0000005de5b00000)]
  0x000001e7383c0800 JavaThread "jar transforms Thread 157" [_thread_blocked, id=5448, stack(0x0000005de5b00000,0x0000005de5c00000)]
  0x000001e7383c1800 JavaThread "jar transforms Thread 158" [_thread_blocked, id=4808, stack(0x0000005de5c00000,0x0000005de5d00000)]
  0x000001e7383c2800 JavaThread "jar transforms Thread 159" [_thread_blocked, id=5184, stack(0x0000005de5d00000,0x0000005de5e00000)]
  0x000001e7383be800 JavaThread "jar transforms Thread 160" [_thread_blocked, id=2588, stack(0x0000005de5e00000,0x0000005de5f00000)]
  0x000001e7383bd800 JavaThread "jar transforms Thread 161" [_thread_blocked, id=4020, stack(0x0000005de5f00000,0x0000005de6000000)]
  0x000001e7383bf000 JavaThread "jar transforms Thread 162" [_thread_blocked, id=5132, stack(0x0000005de6000000,0x0000005de6100000)]
  0x000001e7383c0000 JavaThread "jar transforms Thread 163" [_thread_blocked, id=3568, stack(0x0000005de6100000,0x0000005de6200000)]
  0x000001e7383bc800 JavaThread "jar transforms Thread 164" [_thread_blocked, id=6056, stack(0x0000005de6200000,0x0000005de6300000)]
  0x000001e7383c3000 JavaThread "jar transforms Thread 165" [_thread_blocked, id=4772, stack(0x0000005de6300000,0x0000005de6400000)]
  0x000001e7383c4000 JavaThread "jar transforms Thread 166" [_thread_blocked, id=4080, stack(0x0000005de6400000,0x0000005de6500000)]
  0x000001e73589e800 JavaThread "jar transforms Thread 167" [_thread_blocked, id=4144, stack(0x0000005de6500000,0x0000005de6600000)]
  0x000001e73589d000 JavaThread "jar transforms Thread 168" [_thread_blocked, id=3312, stack(0x0000005de6600000,0x0000005de6700000)]
  0x000001e73589d800 JavaThread "jar transforms Thread 169" [_thread_blocked, id=5464, stack(0x0000005de6700000,0x0000005de6800000)]
  0x000001e73589f000 JavaThread "jar transforms Thread 170" [_thread_blocked, id=5472, stack(0x0000005de6800000,0x0000005de6900000)]
  0x000001e73589c000 JavaThread "jar transforms Thread 171" [_thread_blocked, id=4220, stack(0x0000005de6900000,0x0000005de6a00000)]
  0x000001e735899800 JavaThread "jar transforms Thread 172" [_thread_blocked, id=6124, stack(0x0000005de6a00000,0x0000005de6b00000)]
  0x000001e7358a0000 JavaThread "jar transforms Thread 173" [_thread_blocked, id=4396, stack(0x0000005de6b00000,0x0000005de6c00000)]
  0x000001e73589a800 JavaThread "jar transforms Thread 174" [_thread_blocked, id=2900, stack(0x0000005de6c00000,0x0000005de6d00000)]
  0x000001e7358a1000 JavaThread "jar transforms Thread 175" [_thread_blocked, id=3900, stack(0x0000005de6d00000,0x0000005de6e00000)]
  0x000001e73589b000 JavaThread "jar transforms Thread 176" [_thread_blocked, id=4968, stack(0x0000005de6e00000,0x0000005de6f00000)]
  0x000001e7358a4000 JavaThread "jar transforms Thread 177" [_thread_blocked, id=4584, stack(0x0000005de6f00000,0x0000005de7000000)]
  0x000001e7358a2800 JavaThread "jar transforms Thread 178" [_thread_blocked, id=5440, stack(0x0000005de7000000,0x0000005de7100000)]
  0x000001e7358a7800 JavaThread "jar transforms Thread 179" [_thread_blocked, id=4072, stack(0x0000005de7100000,0x0000005de7200000)]
  0x000001e7358a3800 JavaThread "jar transforms Thread 180" [_thread_blocked, id=1296, stack(0x0000005de7200000,0x0000005de7300000)]
  0x000001e7358a5000 JavaThread "jar transforms Thread 181" [_thread_blocked, id=5648, stack(0x0000005de7300000,0x0000005de7400000)]
  0x000001e7358a5800 JavaThread "jar transforms Thread 182" [_thread_blocked, id=2608, stack(0x0000005de7400000,0x0000005de7500000)]
  0x000001e7358a1800 JavaThread "jar transforms Thread 183" [_thread_blocked, id=4296, stack(0x0000005de7500000,0x0000005de7600000)]
  0x000001e7358a8000 JavaThread "jar transforms Thread 184" [_thread_blocked, id=2940, stack(0x0000005de7600000,0x0000005de7700000)]
  0x000001e7358a6800 JavaThread "jar transforms Thread 185" [_thread_blocked, id=4560, stack(0x0000005de7700000,0x0000005de7800000)]
  0x000001e73a009000 JavaThread "jar transforms Thread 186" [_thread_blocked, id=4896, stack(0x0000005de7800000,0x0000005de7900000)]
  0x000001e73a005800 JavaThread "jar transforms Thread 187" [_thread_blocked, id=1936, stack(0x0000005de7900000,0x0000005de7a00000)]
  0x000001e73a006800 JavaThread "jar transforms Thread 188" [_thread_blocked, id=5852, stack(0x0000005de7a00000,0x0000005de7b00000)]
  0x000001e73a007000 JavaThread "jar transforms Thread 189" [_thread_blocked, id=2956, stack(0x0000005de7b00000,0x0000005de7c00000)]
  0x000001e73a009800 JavaThread "jar transforms Thread 190" [_thread_blocked, id=2188, stack(0x0000005de7c00000,0x0000005de7d00000)]
  0x000001e73a008000 JavaThread "jar transforms Thread 191" [_thread_blocked, id=2564, stack(0x0000005de7d00000,0x0000005de7e00000)]
  0x000001e73a010000 JavaThread "jar transforms Thread 192" [_thread_blocked, id=4852, stack(0x0000005de7e00000,0x0000005de7f00000)]
  0x000001e73a00f800 JavaThread "jar transforms Thread 193" [_thread_blocked, id=3248, stack(0x0000005de7f00000,0x0000005de8000000)]
  0x000001e73a00a800 JavaThread "jar transforms Thread 194" [_thread_blocked, id=4184, stack(0x0000005de8000000,0x0000005de8100000)]
  0x000001e73a011000 JavaThread "jar transforms Thread 195" [_thread_blocked, id=1384, stack(0x0000005de8100000,0x0000005de8200000)]
  0x000001e73a00d800 JavaThread "jar transforms Thread 196" [_thread_blocked, id=5724, stack(0x0000005de8200000,0x0000005de8300000)]
  0x000001e73a00b000 JavaThread "jar transforms Thread 197" [_thread_blocked, id=1712, stack(0x0000005de8300000,0x0000005de8400000)]
  0x000001e73a00d000 JavaThread "jar transforms Thread 198" [_thread_blocked, id=4528, stack(0x0000005de8400000,0x0000005de8500000)]
  0x000001e73a00c000 JavaThread "jar transforms Thread 199" [_thread_blocked, id=6092, stack(0x0000005de8500000,0x0000005de8600000)]
  0x000001e73a014000 JavaThread "jar transforms Thread 200" [_thread_blocked, id=3100, stack(0x0000005de8600000,0x0000005de8700000)]
  0x000001e73a013800 JavaThread "jar transforms Thread 201" [_thread_blocked, id=2764, stack(0x0000005de8700000,0x0000005de8800000)]
  0x000001e73a00e800 JavaThread "jar transforms Thread 202" [_thread_blocked, id=124, stack(0x0000005de8800000,0x0000005de8900000)]
  0x000001e73a012000 JavaThread "jar transforms Thread 203" [_thread_blocked, id=5140, stack(0x0000005de8900000,0x0000005de8a00000)]
  0x000001e73a012800 JavaThread "jar transforms Thread 204" [_thread_blocked, id=5988, stack(0x0000005de8a00000,0x0000005de8b00000)]
  0x000001e734b4e000 JavaThread "jar transforms Thread 205" [_thread_blocked, id=4844, stack(0x0000005de8b00000,0x0000005de8c00000)]
  0x000001e734b48800 JavaThread "jar transforms Thread 206" [_thread_blocked, id=5796, stack(0x0000005de8c00000,0x0000005de8d00000)]
  0x000001e734b4c800 JavaThread "jar transforms Thread 207" [_thread_blocked, id=2444, stack(0x0000005de8d00000,0x0000005de8e00000)]
  0x000001e734b4f000 JavaThread "jar transforms Thread 208" [_thread_blocked, id=5756, stack(0x0000005de8e00000,0x0000005de8f00000)]
  0x000001e734b49000 JavaThread "jar transforms Thread 209" [_thread_blocked, id=5940, stack(0x0000005de8f00000,0x0000005de9000000)]
  0x000001e734b4a000 JavaThread "jar transforms Thread 210" [_thread_blocked, id=1180, stack(0x0000005de9000000,0x0000005de9100000)]
  0x000001e734b4f800 JavaThread "jar transforms Thread 211" [_thread_blocked, id=776, stack(0x0000005de9100000,0x0000005de9200000)]
  0x000001e734b4a800 JavaThread "jar transforms Thread 212" [_thread_blocked, id=5784, stack(0x0000005de9200000,0x0000005de9300000)]
  0x000001e734b51800 JavaThread "jar transforms Thread 213" [_thread_blocked, id=2852, stack(0x0000005de9300000,0x0000005de9400000)]
  0x000001e734b50800 JavaThread "jar transforms Thread 214" [_thread_blocked, id=1008, stack(0x0000005de9400000,0x0000005de9500000)]
  0x000001e734b4b800 JavaThread "jar transforms Thread 215" [_thread_blocked, id=5256, stack(0x0000005de9500000,0x0000005de9600000)]
  0x000001e734b52000 JavaThread "jar transforms Thread 216" [_thread_blocked, id=2784, stack(0x0000005de9600000,0x0000005de9700000)]
  0x000001e734b53000 JavaThread "jar transforms Thread 217" [_thread_blocked, id=4196, stack(0x0000005de9700000,0x0000005de9800000)]
  0x000001e734b4d000 JavaThread "jar transforms Thread 218" [_thread_blocked, id=3084, stack(0x0000005de9800000,0x0000005de9900000)]
  0x000001e734b55800 JavaThread "jar transforms Thread 219" [_thread_blocked, id=5352, stack(0x0000005de9900000,0x0000005de9a00000)]
  0x000001e734b56000 JavaThread "jar transforms Thread 220" [_thread_blocked, id=4388, stack(0x0000005de9a00000,0x0000005de9b00000)]
  0x000001e734b53800 JavaThread "jar transforms Thread 221" [_thread_blocked, id=5500, stack(0x0000005de9b00000,0x0000005de9c00000)]
  0x000001e734b54800 JavaThread "jar transforms Thread 222" [_thread_blocked, id=1032, stack(0x0000005de9c00000,0x0000005de9d00000)]
  0x000001e734b57000 JavaThread "jar transforms Thread 223" [_thread_blocked, id=3892, stack(0x0000005de9d00000,0x0000005de9e00000)]
  0x000001e734b58800 JavaThread "jar transforms Thread 224" [_thread_blocked, id=4984, stack(0x0000005de9e00000,0x0000005de9f00000)]
  0x000001e734b5a000 JavaThread "jar transforms Thread 225" [_thread_blocked, id=5624, stack(0x0000005de9f00000,0x0000005dea000000)]
  0x000001e734b59000 JavaThread "jar transforms Thread 226" [_thread_blocked, id=6048, stack(0x0000005dea000000,0x0000005dea100000)]
  0x000001e734b5a800 JavaThread "jar transforms Thread 227" [_thread_blocked, id=4752, stack(0x0000005dea100000,0x0000005dea200000)]
  0x000001e734b5b800 JavaThread "jar transforms Thread 228" [_thread_blocked, id=3196, stack(0x0000005dea200000,0x0000005dea300000)]
  0x000001e734b5f000 JavaThread "jar transforms Thread 229" [_thread_blocked, id=5220, stack(0x0000005dea300000,0x0000005dea400000)]
  0x000001e734b5d000 JavaThread "jar transforms Thread 230" [_thread_blocked, id=696, stack(0x0000005dea400000,0x0000005dea500000)]
  0x000001e734b5e000 JavaThread "jar transforms Thread 231" [_thread_blocked, id=384, stack(0x0000005dea500000,0x0000005dea600000)]
  0x000001e734b5f800 JavaThread "jar transforms Thread 232" [_thread_blocked, id=1300, stack(0x0000005dea600000,0x0000005dea700000)]
  0x000001e733425800 JavaThread "Handler for socket connection from /127.0.0.1:65242 to /127.0.0.1:65311" [_thread_in_native, id=304, stack(0x0000005de0600000,0x0000005de0700000)]
  0x000001e733426800 JavaThread "Cancel handler" [_thread_blocked, id=1316, stack(0x0000005de0700000,0x0000005de0800000)]
  0x000001e733420800 JavaThread "Asynchronous log dispatcher for DefaultDaemonConnection: socket connection from /127.0.0.1:65242 to /127.0.0.1:65311" [_thread_blocked, id=4948, stack(0x0000005de1900000,0x0000005de1a00000)]
  0x000001e733423000 JavaThread "Stdin handler" [_thread_blocked, id=4024, stack(0x0000005de1c00000,0x0000005de1d00000)]
  0x000001e733422000 JavaThread "Thread-296" [_thread_blocked, id=6044, stack(0x0000005de2000000,0x0000005de2100000)]
  0x000001e733421800 JavaThread "Cache worker for file hash cache (C:\Users\User\AndroidStudioProjects\MyApplication\.gradle\6.7.1\fileHashes)" [_thread_blocked, id=4764, stack(0x0000005de2100000,0x0000005de2200000)]
  0x000001e733424800 JavaThread "Cache worker for checksums cache (C:\Users\User\AndroidStudioProjects\MyApplication\.gradle\checksums)" [_thread_blocked, id=236, stack(0x0000005de2200000,0x0000005de2300000)]
  0x000001e733428000 JavaThread "Cache worker for cache directory md-supplier (C:\Users\User\.gradle\caches\6.7.1\md-supplier)" [_thread_blocked, id=5036, stack(0x0000005de2300000,0x0000005de2400000)]
  0x000001e73342e800 JavaThread "Cache worker for cache directory md-rule (C:\Users\User\.gradle\caches\6.7.1\md-rule)" [_thread_blocked, id=3840, stack(0x0000005de2400000,0x0000005de2500000)]
  0x000001e734b60800 JavaThread "Cache worker for Build Output Cleanup Cache (C:\Users\User\AndroidStudioProjects\MyApplication\.gradle\buildOutputCleanup)" [_thread_blocked, id=32, stack(0x0000005de2500000,0x0000005de2600000)]
  0x000001e734b62000 JavaThread "Build operations" [_thread_blocked, id=3576, stack(0x0000005de2b00000,0x0000005de2c00000)]
  0x000001e734b61800 JavaThread "Build operations Thread 2" [_thread_blocked, id=3824, stack(0x0000005de3800000,0x0000005de3900000)]
  0x000001e734b5c800 JavaThread "Build operations Thread 3" [_thread_blocked, id=5848, stack(0x0000005de3900000,0x0000005de3a00000)]
  0x000001e734b63000 JavaThread "Build operations Thread 4" [_thread_blocked, id=5748, stack(0x0000005de3a00000,0x0000005de3b00000)]
  0x000001e734b64800 JavaThread "build event listener" [_thread_blocked, id=3896, stack(0x0000005de3b00000,0x0000005de3c00000)]
  0x000001e734b63800 JavaThread "build event listener" [_thread_blocked, id=588, stack(0x0000005de3c00000,0x0000005de3d00000)]
  0x000001e734b67000 JavaThread "Execution worker for ':'" [_thread_blocked, id=2020, stack(0x0000005dea700000,0x0000005dea800000)]
  0x000001e734b65800 JavaThread "Execution worker for ':' Thread 2" [_thread_blocked, id=4288, stack(0x0000005dea800000,0x0000005dea900000)]
  0x000001e734b66000 JavaThread "Execution worker for ':' Thread 3" [_thread_blocked, id=6084, stack(0x0000005dea900000,0x0000005deaa00000)]
  0x000001e736359000 JavaThread "Cache worker for execution history cache (C:\Users\User\AndroidStudioProjects\MyApplication\.gradle\6.7.1\executionHistory)" [_thread_blocked, id=2856, stack(0x0000005deaa00000,0x0000005deab00000)]
  0x000001e73635c800 JavaThread "WorkerExecutor Queue" [_thread_blocked, id=5520, stack(0x0000005deac00000,0x0000005dead00000)]
  0x000001e73635a000 JavaThread "WorkerExecutor Queue Thread 2" [_thread_blocked, id=1128, stack(0x0000005dead00000,0x0000005deae00000)]
  0x000001e73635a800 JavaThread "WorkerExecutor Queue Thread 3" [_thread_blocked, id=4432, stack(0x0000005deae00000,0x0000005deaf00000)]
  0x000001e73635b800 JavaThread "WorkerExecutor Queue Thread 4" [_thread_blocked, id=4412, stack(0x0000005deaf00000,0x0000005deb000000)]
  0x000001e73342d800 JavaThread "pool-15-thread-1" [_thread_blocked, id=1596, stack(0x0000005deb000000,0x0000005deb100000)]
  0x000001e738d6e800 JavaThread "ForkJoinPool-5-worker-3" daemon [_thread_blocked, id=288, stack(0x0000005deb100000,0x0000005deb200000)]
  0x000001e738d6c000 JavaThread "ForkJoinPool-5-worker-5" daemon [_thread_blocked, id=4064, stack(0x0000005deb200000,0x0000005deb300000)]
  0x000001e738d6f800 JavaThread "stderr" [_thread_in_native, id=3008, stack(0x0000005deb300000,0x0000005deb400000)]
  0x000001e738d69800 JavaThread "stdout" [_thread_blocked, id=4636, stack(0x0000005deb400000,0x0000005deb500000)]
  0x000001e738d6e000 JavaThread "ForkJoinPool-5-worker-7" daemon [_thread_blocked, id=1776, stack(0x0000005deb500000,0x0000005deb600000)]
  0x000001e738d70000 JavaThread "ForkJoinPool-5-worker-1" daemon [_thread_blocked, id=2208, stack(0x0000005deb600000,0x0000005deb700000)]

Other Threads:
=>0x000001e730360000 VMThread "VM Thread" [stack: 0x0000005de0e00000,0x0000005de0f00000] [id=2768]
  0x000001e730e70800 WatcherThread [stack: 0x0000005de1800000,0x0000005de1900000] [id=1060]
  0x000001e7149cf000 GCTaskThread "GC Thread#0" [stack: 0x0000005de0900000,0x0000005de0a00000] [id=3716]
  0x000001e73145c800 GCTaskThread "GC Thread#1" [stack: 0x0000005de1a00000,0x0000005de1b00000] [id=1632]
  0x000001e73179c800 GCTaskThread "GC Thread#2" [stack: 0x0000005de2600000,0x0000005de2700000] [id=660]
  0x000001e7326be800 GCTaskThread "GC Thread#3" [stack: 0x0000005de2700000,0x0000005de2800000] [id=1900]
  0x000001e714a03800 ConcurrentGCThread "G1 Main Marker" [stack: 0x0000005de0a00000,0x0000005de0b00000] [id=5180]
  0x000001e714a06800 ConcurrentGCThread "G1 Conc#0" [stack: 0x0000005de0b00000,0x0000005de0c00000] [id=2256]
  0x000001e714a5e800 ConcurrentGCThread "G1 Refine#0" [stack: 0x0000005de0c00000,0x0000005de0d00000] [id=1056]
  0x000001e714a5f800 ConcurrentGCThread "G1 Young RemSet Sampling" [stack: 0x0000005de0d00000,0x0000005de0e00000] [id=2032]

Threads with active compile tasks:
C2 CompilerThread0 212084 19410       4       com.android.tools.r8.code.x1::a (4137 bytes)

VM state:at safepoint (normal execution)

VM Mutex/Monitor currently owned by a thread:  ([mutex/lock_event])
[0x000001e7149b3c50] Threads_lock - owner thread: 0x000001e730360000
[0x000001e7149b28a0] Heap_lock - owner thread: 0x000001e738d6e000

Heap address: 0x0000000080000000, size: 2048 MB, Compressed Oops mode: 32-bit
Narrow klass base: 0x0000000000000000, Narrow klass shift: 3
Compressed class space size: 1073741824 Address: 0x0000000100000000

Heap:
 garbage-first heap   total 326656K, used 189281K [0x0000000080000000, 0x0000000100000000)
  region size 1024K, 3 young (3072K), 3 survivors (3072K)
 Metaspace       used 129430K, capacity 133097K, committed 133148K, reserved 1165312K
  class space    used 15974K, capacity 17196K, committed 17228K, reserved 1048576K
Heap Regions: E=young(eden), S=young(survivor), O=old, HS=humongous(starts), HC=humongous(continues), CS=collection set, F=free, A=archive, TAMS=top-at-mark-start (previous, next)
|   0|0x0000000080000000, 0x0000000080100000, 0x0000000080100000|100%| O|  |TAMS 0x0000000080100000, 0x0000000080100000| Untracked 
|   1|0x0000000080100000, 0x0000000080200000, 0x0000000080200000|100%| O|  |TAMS 0x0000000080200000, 0x0000000080200000| Untracked 
|   2|0x0000000080200000, 0x0000000080300000, 0x0000000080300000|100%| O|  |TAMS 0x0000000080300000, 0x0000000080300000| Untracked 
|   3|0x0000000080300000, 0x0000000080400000, 0x0000000080400000|100%|HS|  |TAMS 0x0000000080400000, 0x0000000080400000| Complete 
|   4|0x0000000080400000, 0x0000000080500000, 0x0000000080500000|100%|HC|  |TAMS 0x0000000080500000, 0x0000000080500000| Complete 
|   5|0x0000000080500000, 0x0000000080600000, 0x0000000080600000|100%|HC|  |TAMS 0x0000000080600000, 0x0000000080600000| Complete 
|   6|0x0000000080600000, 0x0000000080700000, 0x0000000080700000|100%| O|  |TAMS 0x0000000080700000, 0x0000000080700000| Untracked 
|   7|0x0000000080700000, 0x0000000080800000, 0x0000000080800000|100%| O|  |TAMS 0x0000000080800000, 0x0000000080800000| Untracked 
|   8|0x0000000080800000, 0x0000000080900000, 0x0000000080900000|100%| O|  |TAMS 0x0000000080900000, 0x0000000080900000| Untracked 
|   9|0x0000000080900000, 0x0000000080a00000, 0x0000000080a00000|100%| O|  |TAMS 0x0000000080a00000, 0x0000000080a00000| Untracked 
|  10|0x0000000080a00000, 0x0000000080b00000, 0x0000000080b00000|100%| O|  |TAMS 0x0000000080b00000, 0x0000000080b00000| Untracked 
|  11|0x0000000080b00000, 0x0000000080c00000, 0x0000000080c00000|100%| O|  |TAMS 0x0000000080c00000, 0x0000000080c00000| Untracked 
|  12|0x0000000080c00000, 0x0000000080d00000, 0x0000000080d00000|100%| O|  |TAMS 0x0000000080d00000, 0x0000000080d00000| Untracked 
|  13|0x0000000080d00000, 0x0000000080e00000, 0x0000000080e00000|100%| O|  |TAMS 0x0000000080e00000, 0x0000000080e00000| Untracked 
|  14|0x0000000080e00000, 0x0000000080f00000, 0x0000000080f00000|100%| O|  |TAMS 0x0000000080f00000, 0x0000000080f00000| Untracked 
|  15|0x0000000080f00000, 0x0000000081000000, 0x0000000081000000|100%| O|  |TAMS 0x0000000081000000, 0x0000000081000000| Untracked 
|  16|0x0000000081000000, 0x0000000081100000, 0x0000000081100000|100%|HS|  |TAMS 0x0000000081100000, 0x0000000081100000| Complete 
|  17|0x0000000081100000, 0x0000000081200000, 0x0000000081200000|100%|HC|  |TAMS 0x0000000081200000, 0x0000000081200000| Complete 
|  18|0x0000000081200000, 0x0000000081300000, 0x0000000081300000|100%|HS|  |TAMS 0x0000000081300000, 0x0000000081300000| Complete 
|  19|0x0000000081300000, 0x0000000081400000, 0x0000000081400000|100%|HC|  |TAMS 0x0000000081400000, 0x0000000081400000| Complete 
|  20|0x0000000081400000, 0x0000000081500000, 0x0000000081500000|100%|HC|  |TAMS 0x0000000081500000, 0x0000000081500000| Complete 
|  21|0x0000000081500000, 0x0000000081600000, 0x0000000081600000|100%|HS|  |TAMS 0x0000000081600000, 0x0000000081600000| Complete 
|  22|0x0000000081600000, 0x0000000081700000, 0x0000000081700000|100%|HC|  |TAMS 0x0000000081700000, 0x0000000081700000| Complete 
|  23|0x0000000081700000, 0x0000000081800000, 0x0000000081800000|100%|HC|  |TAMS 0x0000000081800000, 0x0000000081800000| Complete 
|  24|0x0000000081800000, 0x0000000081900000, 0x0000000081900000|100%|HC|  |TAMS 0x0000000081900000, 0x0000000081900000| Complete 
|  25|0x0000000081900000, 0x0000000081a00000, 0x0000000081a00000|100%| O|  |TAMS 0x0000000081a00000, 0x0000000081a00000| Untracked 
|  26|0x0000000081a00000, 0x0000000081b00000, 0x0000000081b00000|100%| O|  |TAMS 0x0000000081b00000, 0x0000000081b00000| Untracked 
|  27|0x0000000081b00000, 0x0000000081c00000, 0x0000000081c00000|100%| O|  |TAMS 0x0000000081c00000, 0x0000000081c00000| Untracked 
|  28|0x0000000081c00000, 0x0000000081d00000, 0x0000000081d00000|100%| O|  |TAMS 0x0000000081d00000, 0x0000000081d00000| Untracked 
|  29|0x0000000081d00000, 0x0000000081e00000, 0x0000000081e00000|100%| O|  |TAMS 0x0000000081e00000, 0x0000000081e00000| Untracked 
|  30|0x0000000081e00000, 0x0000000081f00000, 0x0000000081f00000|100%| O|  |TAMS 0x0000000081f00000, 0x0000000081f00000| Untracked 
|  31|0x0000000081f00000, 0x0000000082000000, 0x0000000082000000|100%|HS|  |TAMS 0x0000000082000000, 0x0000000082000000| Complete 
|  32|0x0000000082000000, 0x0000000082100000, 0x0000000082100000|100%|HC|  |TAMS 0x0000000082100000, 0x0000000082100000| Complete 
|  33|0x0000000082100000, 0x0000000082200000, 0x0000000082200000|100%|HC|  |TAMS 0x0000000082200000, 0x0000000082200000| Complete 
|  34|0x0000000082200000, 0x0000000082300000, 0x0000000082300000|100%| O|  |TAMS 0x0000000082300000, 0x0000000082300000| Untracked 
|  35|0x0000000082300000, 0x0000000082400000, 0x0000000082400000|100%|HS|  |TAMS 0x0000000082400000, 0x0000000082400000| Complete 
|  36|0x0000000082400000, 0x0000000082500000, 0x0000000082500000|100%|HC|  |TAMS 0x0000000082500000, 0x0000000082500000| Complete 
|  37|0x0000000082500000, 0x0000000082600000, 0x0000000082600000|100%|HC|  |TAMS 0x0000000082600000, 0x0000000082600000| Complete 
|  38|0x0000000082600000, 0x0000000082700000, 0x0000000082700000|100%|HC|  |TAMS 0x0000000082700000, 0x0000000082700000| Complete 
|  39|0x0000000082700000, 0x0000000082800000, 0x0000000082800000|100%| O|  |TAMS 0x0000000082800000, 0x0000000082800000| Untracked 
|  40|0x0000000082800000, 0x0000000082900000, 0x0000000082900000|100%| O|  |TAMS 0x0000000082900000, 0x0000000082900000| Untracked 
|  41|0x0000000082900000, 0x0000000082a00000, 0x0000000082a00000|100%| O|  |TAMS 0x0000000082a00000, 0x0000000082a00000| Untracked 
|  42|0x0000000082a00000, 0x0000000082b00000, 0x0000000082b00000|100%| O|  |TAMS 0x0000000082b00000, 0x0000000082b00000| Untracked 
|  43|0x0000000082b00000, 0x0000000082c00000, 0x0000000082c00000|100%| O|  |TAMS 0x0000000082c00000, 0x0000000082c00000| Untracked 
|  44|0x0000000082c00000, 0x0000000082d00000, 0x0000000082d00000|100%| O|  |TAMS 0x0000000082d00000, 0x0000000082d00000| Untracked 
|  45|0x0000000082d00000, 0x0000000082e00000, 0x0000000082e00000|100%| O|  |TAMS 0x0000000082e00000, 0x0000000082e00000| Untracked 
|  46|0x0000000082e00000, 0x0000000082f00000, 0x0000000082f00000|100%| O|  |TAMS 0x0000000082f00000, 0x0000000082f00000| Untracked 
|  47|0x0000000082f00000, 0x0000000083000000, 0x0000000083000000|100%| O|  |TAMS 0x0000000083000000, 0x0000000083000000| Untracked 
|  48|0x0000000083000000, 0x0000000083100000, 0x0000000083100000|100%|HS|  |TAMS 0x0000000083100000, 0x0000000083100000| Complete 
|  49|0x0000000083100000, 0x0000000083200000, 0x0000000083200000|100%| O|  |TAMS 0x0000000083200000, 0x0000000083200000| Untracked 
|  50|0x0000000083200000, 0x0000000083300000, 0x0000000083300000|100%| O|  |TAMS 0x0000000083300000, 0x0000000083300000| Untracked 
|  51|0x0000000083300000, 0x0000000083400000, 0x0000000083400000|100%|HS|  |TAMS 0x0000000083400000, 0x0000000083400000| Complete 
|  52|0x0000000083400000, 0x0000000083500000, 0x0000000083500000|100%|HC|  |TAMS 0x0000000083500000, 0x0000000083500000| Complete 
|  53|0x0000000083500000, 0x0000000083600000, 0x0000000083600000|100%|HC|  |TAMS 0x0000000083600000, 0x0000000083600000| Complete 
|  54|0x0000000083600000, 0x0000000083700000, 0x0000000083700000|100%|HS|  |TAMS 0x0000000083700000, 0x0000000083700000| Complete 
|  55|0x0000000083700000, 0x0000000083800000, 0x0000000083800000|100%|HC|  |TAMS 0x0000000083800000, 0x0000000083800000| Complete 
|  56|0x0000000083800000, 0x0000000083900000, 0x0000000083900000|100%| O|  |TAMS 0x0000000083900000, 0x0000000083900000| Untracked 
|  57|0x0000000083900000, 0x0000000083a00000, 0x0000000083a00000|100%| O|  |TAMS 0x0000000083a00000, 0x0000000083a00000| Untracked 
|  58|0x0000000083a00000, 0x0000000083b00000, 0x0000000083b00000|100%| O|  |TAMS 0x0000000083b00000, 0x0000000083b00000| Untracked 
|  59|0x0000000083b00000, 0x0000000083c00000, 0x0000000083c00000|100%| O|  |TAMS 0x0000000083c00000, 0x0000000083c00000| Untracked 
|  60|0x0000000083c00000, 0x0000000083d00000, 0x0000000083d00000|100%| O|  |TAMS 0x0000000083d00000, 0x0000000083d00000| Untracked 
|  61|0x0000000083d00000, 0x0000000083e00000, 0x0000000083e00000|100%| O|  |TAMS 0x0000000083e00000, 0x0000000083e00000| Untracked 
|  62|0x0000000083e00000, 0x0000000083f00000, 0x0000000083f00000|100%| O|  |TAMS 0x0000000083f00000, 0x0000000083f00000| Untracked 
|  63|0x0000000083f00000, 0x0000000084000000, 0x0000000084000000|100%| O|  |TAMS 0x0000000084000000, 0x0000000084000000| Untracked 
|  64|0x0000000084000000, 0x0000000084100000, 0x0000000084100000|100%| O|  |TAMS 0x0000000084100000, 0x0000000084100000| Untracked 
|  65|0x0000000084100000, 0x0000000084200000, 0x0000000084200000|100%| O|  |TAMS 0x0000000084200000, 0x0000000084200000| Untracked 
|  66|0x0000000084200000, 0x0000000084300000, 0x0000000084300000|100%| O|  |TAMS 0x0000000084300000, 0x0000000084300000| Untracked 
|  67|0x0000000084300000, 0x0000000084400000, 0x0000000084400000|100%| O|  |TAMS 0x0000000084400000, 0x0000000084400000| Untracked 
|  68|0x0000000084400000, 0x0000000084500000, 0x0000000084500000|100%| O|  |TAMS 0x0000000084500000, 0x0000000084500000| Untracked 
|  69|0x0000000084500000, 0x0000000084600000, 0x0000000084600000|100%| O|  |TAMS 0x0000000084600000, 0x0000000084600000| Untracked 
|  70|0x0000000084600000, 0x0000000084700000, 0x0000000084700000|100%| O|  |TAMS 0x0000000084700000, 0x0000000084700000| Untracked 
|  71|0x0000000084700000, 0x0000000084800000, 0x0000000084800000|100%| O|  |TAMS 0x0000000084800000, 0x0000000084800000| Untracked 
|  72|0x0000000084800000, 0x0000000084900000, 0x0000000084900000|100%| O|  |TAMS 0x0000000084900000, 0x0000000084900000| Untracked 
|  73|0x0000000084900000, 0x0000000084a00000, 0x0000000084a00000|100%| O|  |TAMS 0x0000000084a00000, 0x0000000084a00000| Untracked 
|  74|0x0000000084a00000, 0x0000000084b00000, 0x0000000084b00000|100%| O|  |TAMS 0x0000000084b00000, 0x0000000084b00000| Untracked 
|  75|0x0000000084b00000, 0x0000000084c00000, 0x0000000084c00000|100%| O|  |TAMS 0x0000000084c00000, 0x0000000084c00000| Untracked 
|  76|0x0000000084c00000, 0x0000000084d00000, 0x0000000084d00000|100%| O|  |TAMS 0x0000000084d00000, 0x0000000084d00000| Untracked 
|  77|0x0000000084d00000, 0x0000000084e00000, 0x0000000084e00000|100%| O|  |TAMS 0x0000000084e00000, 0x0000000084e00000| Untracked 
|  78|0x0000000084e00000, 0x0000000084f00000, 0x0000000084f00000|100%| O|  |TAMS 0x0000000084f00000, 0x0000000084f00000| Untracked 
|  79|0x0000000084f00000, 0x0000000085000000, 0x0000000085000000|100%| O|  |TAMS 0x0000000085000000, 0x0000000085000000| Untracked 
|  80|0x0000000085000000, 0x0000000085100000, 0x0000000085100000|100%| O|  |TAMS 0x0000000085100000, 0x0000000085100000| Untracked 
|  81|0x0000000085100000, 0x0000000085200000, 0x0000000085200000|100%| O|  |TAMS 0x0000000085200000, 0x0000000085200000| Untracked 
|  82|0x0000000085200000, 0x0000000085300000, 0x0000000085300000|100%| O|  |TAMS 0x0000000085300000, 0x0000000085300000| Untracked 
|  83|0x0000000085300000, 0x0000000085400000, 0x0000000085400000|100%| O|  |TAMS 0x0000000085400000, 0x0000000085400000| Untracked 
|  84|0x0000000085400000, 0x0000000085500000, 0x0000000085500000|100%| O|  |TAMS 0x0000000085500000, 0x0000000085500000| Untracked 
|  85|0x0000000085500000, 0x0000000085600000, 0x0000000085600000|100%| O|  |TAMS 0x0000000085600000, 0x0000000085600000| Untracked 
|  86|0x0000000085600000, 0x0000000085700000, 0x0000000085700000|100%| O|  |TAMS 0x0000000085700000, 0x0000000085700000| Untracked 
|  87|0x0000000085700000, 0x0000000085800000, 0x0000000085800000|100%| O|  |TAMS 0x0000000085800000, 0x0000000085800000| Untracked 
|  88|0x0000000085800000, 0x0000000085900000, 0x0000000085900000|100%| O|  |TAMS 0x0000000085900000, 0x0000000085900000| Untracked 
|  89|0x0000000085900000, 0x0000000085a00000, 0x0000000085a00000|100%| O|  |TAMS 0x0000000085a00000, 0x0000000085a00000| Untracked 
|  90|0x0000000085a00000, 0x0000000085b00000, 0x0000000085b00000|100%| O|  |TAMS 0x0000000085b00000, 0x0000000085b00000| Untracked 
|  91|0x0000000085b00000, 0x0000000085c00000, 0x0000000085c00000|100%| O|  |TAMS 0x0000000085c00000, 0x0000000085c00000| Untracked 
|  92|0x0000000085c00000, 0x0000000085d00000, 0x0000000085d00000|100%| O|  |TAMS 0x0000000085d00000, 0x0000000085d00000| Untracked 
|  93|0x0000000085d00000, 0x0000000085e00000, 0x0000000085e00000|100%| O|  |TAMS 0x0000000085e00000, 0x0000000085e00000| Untracked 
|  94|0x0000000085e00000, 0x0000000085f00000, 0x0000000085f00000|100%| O|  |TAMS 0x0000000085f00000, 0x0000000085f00000| Untracked 
|  95|0x0000000085f00000, 0x0000000086000000, 0x0000000086000000|100%| O|  |TAMS 0x0000000086000000, 0x0000000086000000| Untracked 
|  96|0x0000000086000000, 0x0000000086100000, 0x0000000086100000|100%| O|  |TAMS 0x0000000086100000, 0x0000000086100000| Untracked 
|  97|0x0000000086100000, 0x0000000086200000, 0x0000000086200000|100%|HS|  |TAMS 0x0000000086200000, 0x0000000086200000| Complete 
|  98|0x0000000086200000, 0x0000000086300000, 0x0000000086300000|100%| O|  |TAMS 0x0000000086300000, 0x0000000086300000| Untracked 
|  99|0x0000000086300000, 0x0000000086400000, 0x0000000086400000|100%| O|  |TAMS 0x0000000086400000, 0x0000000086400000| Untracked 
| 100|0x0000000086400000, 0x0000000086500000, 0x0000000086500000|100%| O|  |TAMS 0x0000000086500000, 0x0000000086500000| Untracked 
| 101|0x0000000086500000, 0x0000000086600000, 0x0000000086600000|100%| O|  |TAMS 0x0000000086600000, 0x0000000086600000| Untracked 
| 102|0x0000000086600000, 0x0000000086700000, 0x0000000086700000|100%| O|  |TAMS 0x0000000086700000, 0x0000000086700000| Untracked 
| 103|0x0000000086700000, 0x0000000086800000, 0x0000000086800000|100%| O|  |TAMS 0x0000000086800000, 0x0000000086800000| Untracked 
| 104|0x0000000086800000, 0x0000000086900000, 0x0000000086900000|100%|HS|  |TAMS 0x0000000086900000, 0x0000000086900000| Complete 
| 105|0x0000000086900000, 0x0000000086a00000, 0x0000000086a00000|100%| O|  |TAMS 0x0000000086a00000, 0x0000000086a00000| Untracked 
| 106|0x0000000086a00000, 0x0000000086b00000, 0x0000000086b00000|100%|HS|  |TAMS 0x0000000086b00000, 0x0000000086b00000| Complete 
| 107|0x0000000086b00000, 0x0000000086c00000, 0x0000000086c00000|100%|HC|  |TAMS 0x0000000086c00000, 0x0000000086c00000| Complete 
| 108|0x0000000086c00000, 0x0000000086d00000, 0x0000000086d00000|100%|HC|  |TAMS 0x0000000086d00000, 0x0000000086d00000| Complete 
| 109|0x0000000086d00000, 0x0000000086e00000, 0x0000000086e00000|100%|HS|  |TAMS 0x0000000086e00000, 0x0000000086e00000| Complete 
| 110|0x0000000086e00000, 0x0000000086f00000, 0x0000000086f00000|100%|HC|  |TAMS 0x0000000086f00000, 0x0000000086f00000| Complete 
| 111|0x0000000086f00000, 0x0000000087000000, 0x0000000087000000|100%| O|  |TAMS 0x0000000087000000, 0x0000000087000000| Untracked 
| 112|0x0000000087000000, 0x0000000087100000, 0x0000000087100000|100%| O|  |TAMS 0x0000000087000000, 0x0000000087100000| Untracked 
| 113|0x0000000087100000, 0x0000000087200000, 0x0000000087200000|100%| O|  |TAMS 0x0000000087200000, 0x0000000087200000| Untracked 
| 114|0x0000000087200000, 0x0000000087300000, 0x0000000087300000|100%| O|  |TAMS 0x0000000087300000, 0x0000000087300000| Untracked 
| 115|0x0000000087300000, 0x0000000087400000, 0x0000000087400000|100%| O|  |TAMS 0x0000000087400000, 0x0000000087400000| Untracked 
| 116|0x0000000087400000, 0x0000000087500000, 0x0000000087500000|100%| O|  |TAMS 0x0000000087500000, 0x0000000087500000| Untracked 
| 117|0x0000000087500000, 0x0000000087600000, 0x0000000087600000|100%| O|  |TAMS 0x0000000087600000, 0x0000000087600000| Untracked 
| 118|0x0000000087600000, 0x0000000087700000, 0x0000000087700000|100%| O|  |TAMS 0x0000000087700000, 0x0000000087700000| Untracked 
| 119|0x0000000087700000, 0x0000000087800000, 0x0000000087800000|100%| O|  |TAMS 0x0000000087800000, 0x0000000087800000| Untracked 
| 120|0x0000000087800000, 0x0000000087900000, 0x0000000087900000|100%|HS|  |TAMS 0x0000000087900000, 0x0000000087900000| Complete 
| 121|0x0000000087900000, 0x0000000087a00000, 0x0000000087a00000|100%| O|  |TAMS 0x0000000087a00000, 0x0000000087a00000| Untracked 
| 122|0x0000000087a00000, 0x0000000087b00000, 0x0000000087b00000|100%| O|  |TAMS 0x0000000087b00000, 0x0000000087b00000| Untracked 
| 123|0x0000000087b00000, 0x0000000087c00000, 0x0000000087c00000|100%| O|  |TAMS 0x0000000087c00000, 0x0000000087c00000| Untracked 
| 124|0x0000000087c00000, 0x0000000087d00000, 0x0000000087d00000|100%| O|  |TAMS 0x0000000087d00000, 0x0000000087d00000| Untracked 
| 125|0x0000000087d00000, 0x0000000087e00000, 0x0000000087e00000|100%| O|  |TAMS 0x0000000087d00000, 0x0000000087e00000| Untracked 
| 126|0x0000000087e00000, 0x0000000087f00000, 0x0000000087f00000|100%|HS|  |TAMS 0x0000000087f00000, 0x0000000087f00000| Complete 
| 127|0x0000000087f00000, 0x0000000088000000, 0x0000000088000000|100%| O|  |TAMS 0x0000000088000000, 0x0000000088000000| Untracked 
| 128|0x0000000088000000, 0x0000000088100000, 0x0000000088100000|100%| O|  |TAMS 0x0000000088100000, 0x0000000088100000| Untracked 
| 129|0x0000000088100000, 0x0000000088200000, 0x0000000088200000|100%| O|  |TAMS 0x0000000088200000, 0x0000000088200000| Untracked 
| 130|0x0000000088200000, 0x0000000088300000, 0x0000000088300000|100%| O|  |TAMS 0x0000000088300000, 0x0000000088300000| Untracked 
| 131|0x0000000088300000, 0x0000000088400000, 0x0000000088400000|100%| O|  |TAMS 0x0000000088400000, 0x0000000088400000| Untracked 
| 132|0x0000000088400000, 0x0000000088500000, 0x0000000088500000|100%| O|  |TAMS 0x0000000088500000, 0x0000000088500000| Untracked 
| 133|0x0000000088500000, 0x0000000088600000, 0x0000000088600000|100%|HS|  |TAMS 0x0000000088600000, 0x0000000088600000| Complete 
| 134|0x0000000088600000, 0x0000000088700000, 0x0000000088700000|100%|HC|  |TAMS 0x0000000088700000, 0x0000000088700000| Complete 
| 135|0x0000000088700000, 0x0000000088800000, 0x0000000088800000|100%|HC|  |TAMS 0x0000000088800000, 0x0000000088800000| Complete 
| 136|0x0000000088800000, 0x0000000088900000, 0x0000000088900000|100%|HS|  |TAMS 0x0000000088900000, 0x0000000088900000| Complete 
| 137|0x0000000088900000, 0x0000000088a00000, 0x0000000088a00000|100%|HC|  |TAMS 0x0000000088a00000, 0x0000000088a00000| Complete 
| 138|0x0000000088a00000, 0x0000000088b00000, 0x0000000088b00000|100%| O|  |TAMS 0x0000000088b00000, 0x0000000088b00000| Untracked 
| 139|0x0000000088b00000, 0x0000000088c00000, 0x0000000088c00000|100%| O|  |TAMS 0x0000000088c00000, 0x0000000088c00000| Untracked 
| 140|0x0000000088c00000, 0x0000000088d00000, 0x0000000088d00000|100%| O|  |TAMS 0x0000000088d00000, 0x0000000088d00000| Untracked 
| 141|0x0000000088d00000, 0x0000000088e00000, 0x0000000088e00000|100%| O|  |TAMS 0x0000000088e00000, 0x0000000088e00000| Untracked 
| 142|0x0000000088e00000, 0x0000000088f00000, 0x0000000088f00000|100%| O|  |TAMS 0x0000000088f00000, 0x0000000088f00000| Untracked 
| 143|0x0000000088f00000, 0x0000000089000000, 0x0000000089000000|100%| O|  |TAMS 0x0000000089000000, 0x0000000089000000| Untracked 
| 144|0x0000000089000000, 0x0000000089100000, 0x0000000089100000|100%| O|  |TAMS 0x0000000089100000, 0x0000000089100000| Untracked 
| 145|0x0000000089100000, 0x0000000089200000, 0x0000000089200000|100%| O|  |TAMS 0x0000000089200000, 0x0000000089200000| Untracked 
| 146|0x0000000089200000, 0x0000000089300000, 0x0000000089300000|100%| O|  |TAMS 0x0000000089300000, 0x0000000089300000| Untracked 
| 147|0x0000000089300000, 0x0000000089400000, 0x0000000089400000|100%| O|  |TAMS 0x0000000089400000, 0x0000000089400000| Untracked 
| 148|0x0000000089400000, 0x0000000089500000, 0x0000000089500000|100%| O|  |TAMS 0x0000000089500000, 0x0000000089500000| Untracked 
| 149|0x0000000089500000, 0x0000000089600000, 0x0000000089600000|100%| O|  |TAMS 0x0000000089579e00, 0x0000000089600000| Untracked 
| 150|0x0000000089600000, 0x0000000089700000, 0x0000000089700000|100%|HS|  |TAMS 0x0000000089600000, 0x0000000089700000| Complete 
| 151|0x0000000089700000, 0x0000000089800000, 0x0000000089800000|100%| O|  |TAMS 0x0000000089700000, 0x0000000089800000| Untracked 
| 152|0x0000000089800000, 0x0000000089900000, 0x0000000089900000|100%| O|  |TAMS 0x0000000089800000, 0x0000000089900000| Untracked 
| 153|0x0000000089900000, 0x0000000089a00000, 0x0000000089a00000|100%| O|  |TAMS 0x0000000089900000, 0x0000000089a00000| Untracked 
| 154|0x0000000089a00000, 0x0000000089b00000, 0x0000000089b00000|100%| O|  |TAMS 0x0000000089a00000, 0x0000000089b00000| Untracked 
| 155|0x0000000089b00000, 0x0000000089c00000, 0x0000000089c00000|100%| O|  |TAMS 0x0000000089b00000, 0x0000000089c00000| Untracked 
| 156|0x0000000089c00000, 0x0000000089d00000, 0x0000000089d00000|100%| O|  |TAMS 0x0000000089c00000, 0x0000000089d00000| Untracked 
| 157|0x0000000089d00000, 0x0000000089e00000, 0x0000000089e00000|100%| O|  |TAMS 0x0000000089d00000, 0x0000000089e00000| Untracked 
| 158|0x0000000089e00000, 0x0000000089f00000, 0x0000000089f00000|100%| O|  |TAMS 0x0000000089e00000, 0x0000000089f00000| Untracked 
| 159|0x0000000089f00000, 0x000000008a000000, 0x000000008a000000|100%| O|  |TAMS 0x0000000089f00000, 0x000000008a000000| Untracked 
| 160|0x000000008a000000, 0x000000008a100000, 0x000000008a100000|100%| O|  |TAMS 0x000000008a000000, 0x000000008a100000| Untracked 
| 161|0x000000008a100000, 0x000000008a200000, 0x000000008a200000|100%| O|  |TAMS 0x000000008a100000, 0x000000008a200000| Untracked 
| 162|0x000000008a200000, 0x000000008a300000, 0x000000008a300000|100%| O|  |TAMS 0x000000008a200000, 0x000000008a300000| Untracked 
| 163|0x000000008a300000, 0x000000008a400000, 0x000000008a400000|100%| O|  |TAMS 0x000000008a300000, 0x000000008a400000| Untracked 
| 164|0x000000008a400000, 0x000000008a500000, 0x000000008a500000|100%| O|  |TAMS 0x000000008a400000, 0x000000008a500000| Untracked 
| 165|0x000000008a500000, 0x000000008a600000, 0x000000008a600000|100%| O|  |TAMS 0x000000008a500000, 0x000000008a600000| Untracked 
| 166|0x000000008a600000, 0x000000008a700000, 0x000000008a700000|100%| O|  |TAMS 0x000000008a600000, 0x000000008a700000| Untracked 
| 167|0x000000008a700000, 0x000000008a800000, 0x000000008a800000|100%| O|  |TAMS 0x000000008a700000, 0x000000008a800000| Untracked 
| 168|0x000000008a800000, 0x000000008a900000, 0x000000008a900000|100%| O|  |TAMS 0x000000008a800000, 0x000000008a900000| Untracked 
| 169|0x000000008a900000, 0x000000008aa00000, 0x000000008aa00000|100%| O|  |TAMS 0x000000008a900000, 0x000000008aa00000| Untracked 
| 170|0x000000008aa00000, 0x000000008ab00000, 0x000000008ab00000|100%| O|  |TAMS 0x000000008aa00000, 0x000000008ab00000| Untracked 
| 171|0x000000008ab00000, 0x000000008ac00000, 0x000000008ac00000|100%| O|  |TAMS 0x000000008ab00000, 0x000000008ac00000| Untracked 
| 172|0x000000008ac00000, 0x000000008ad00000, 0x000000008ad00000|100%| O|  |TAMS 0x000000008ac00000, 0x000000008ad00000| Untracked 
| 173|0x000000008ad00000, 0x000000008ae00000, 0x000000008ae00000|100%| O|  |TAMS 0x000000008ad00000, 0x000000008ae00000| Untracked 
| 174|0x000000008ae00000, 0x000000008af00000, 0x000000008af00000|100%| O|  |TAMS 0x000000008ae00000, 0x000000008af00000| Untracked 
| 175|0x000000008af00000, 0x000000008b000000, 0x000000008b000000|100%| O|  |TAMS 0x000000008af00000, 0x000000008b000000| Untracked 
| 176|0x000000008b000000, 0x000000008b100000, 0x000000008b100000|100%| O|  |TAMS 0x000000008b000000, 0x000000008b100000| Untracked 
| 177|0x000000008b100000, 0x000000008b200000, 0x000000008b200000|100%| O|  |TAMS 0x000000008b100000, 0x000000008b200000| Untracked 
| 178|0x000000008b200000, 0x000000008b300000, 0x000000008b300000|100%| O|  |TAMS 0x000000008b200000, 0x000000008b300000| Untracked 
| 179|0x000000008b300000, 0x000000008b400000, 0x000000008b400000|100%| O|  |TAMS 0x000000008b300000, 0x000000008b400000| Untracked 
| 180|0x000000008b400000, 0x000000008b500000, 0x000000008b500000|100%| O|  |TAMS 0x000000008b400000, 0x000000008b500000| Untracked 
| 181|0x000000008b500000, 0x000000008b5d8400, 0x000000008b600000| 84%| O|  |TAMS 0x000000008b500000, 0x000000008b5d8400| Untracked 
| 182|0x000000008b600000, 0x000000008b600000, 0x000000008b700000|  0%| F|  |TAMS 0x000000008b600000, 0x000000008b600000| Untracked 
| 183|0x000000008b700000, 0x000000008b700000, 0x000000008b800000|  0%| F|  |TAMS 0x000000008b700000, 0x000000008b700000| Untracked 
| 184|0x000000008b800000, 0x000000008b800000, 0x000000008b900000|  0%| F|  |TAMS 0x000000008b800000, 0x000000008b800000| Untracked 
| 185|0x000000008b900000, 0x000000008b900000, 0x000000008ba00000|  0%| F|  |TAMS 0x000000008b900000, 0x000000008b900000| Untracked 
| 186|0x000000008ba00000, 0x000000008ba00000, 0x000000008bb00000|  0%| F|  |TAMS 0x000000008ba00000, 0x000000008ba00000| Untracked 
| 187|0x000000008bb00000, 0x000000008bb00000, 0x000000008bc00000|  0%| F|  |TAMS 0x000000008bb00000, 0x000000008bb00000| Untracked 
| 188|0x000000008bc00000, 0x000000008bc00000, 0x000000008bd00000|  0%| F|  |TAMS 0x000000008bc00000, 0x000000008bc00000| Untracked 
| 189|0x000000008bd00000, 0x000000008bd00000, 0x000000008be00000|  0%| F|  |TAMS 0x000000008bd00000, 0x000000008bd00000| Untracked 
| 190|0x000000008be00000, 0x000000008be00000, 0x000000008bf00000|  0%| F|  |TAMS 0x000000008be00000, 0x000000008be00000| Untracked 
| 191|0x000000008bf00000, 0x000000008bf00000, 0x000000008c000000|  0%| F|  |TAMS 0x000000008bf00000, 0x000000008bf00000| Untracked 
| 192|0x000000008c000000, 0x000000008c000000, 0x000000008c100000|  0%| F|  |TAMS 0x000000008c000000, 0x000000008c000000| Untracked 
| 193|0x000000008c100000, 0x000000008c100000, 0x000000008c200000|  0%| F|  |TAMS 0x000000008c100000, 0x000000008c100000| Untracked 
| 194|0x000000008c200000, 0x000000008c200000, 0x000000008c300000|  0%| F|  |TAMS 0x000000008c200000, 0x000000008c200000| Untracked 
| 195|0x000000008c300000, 0x000000008c300000, 0x000000008c400000|  0%| F|  |TAMS 0x000000008c300000, 0x000000008c300000| Untracked 
| 196|0x000000008c400000, 0x000000008c400000, 0x000000008c500000|  0%| F|  |TAMS 0x000000008c400000, 0x000000008c400000| Untracked 
| 197|0x000000008c500000, 0x000000008c500000, 0x000000008c600000|  0%| F|  |TAMS 0x000000008c500000, 0x000000008c500000| Untracked 
| 198|0x000000008c600000, 0x000000008c600000, 0x000000008c700000|  0%| F|  |TAMS 0x000000008c600000, 0x000000008c600000| Untracked 
| 199|0x000000008c700000, 0x000000008c700000, 0x000000008c800000|  0%| F|  |TAMS 0x000000008c700000, 0x000000008c700000| Untracked 
| 200|0x000000008c800000, 0x000000008c800000, 0x000000008c900000|  0%| F|  |TAMS 0x000000008c800000, 0x000000008c800000| Untracked 
| 201|0x000000008c900000, 0x000000008c900000, 0x000000008ca00000|  0%| F|  |TAMS 0x000000008c900000, 0x000000008c900000| Untracked 
| 202|0x000000008ca00000, 0x000000008ca00000, 0x000000008cb00000|  0%| F|  |TAMS 0x000000008ca00000, 0x000000008ca00000| Untracked 
| 203|0x000000008cb00000, 0x000000008cb00000, 0x000000008cc00000|  0%| F|  |TAMS 0x000000008cb00000, 0x000000008cb00000| Untracked 
| 204|0x000000008cc00000, 0x000000008cc00000, 0x000000008cd00000|  0%| F|  |TAMS 0x000000008cc00000, 0x000000008cc00000| Untracked 
| 205|0x000000008cd00000, 0x000000008cd00000, 0x000000008ce00000|  0%| F|  |TAMS 0x000000008cd00000, 0x000000008cd00000| Untracked 
| 206|0x000000008ce00000, 0x000000008ce00000, 0x000000008cf00000|  0%| F|  |TAMS 0x000000008ce00000, 0x000000008ce00000| Untracked 
| 207|0x000000008cf00000, 0x000000008cf00000, 0x000000008d000000|  0%| F|  |TAMS 0x000000008cf00000, 0x000000008cf00000| Untracked 
| 208|0x000000008d000000, 0x000000008d000000, 0x000000008d100000|  0%| F|  |TAMS 0x000000008d000000, 0x000000008d000000| Untracked 
| 209|0x000000008d100000, 0x000000008d100000, 0x000000008d200000|  0%| F|  |TAMS 0x000000008d100000, 0x000000008d100000| Untracked 
| 210|0x000000008d200000, 0x000000008d300000, 0x000000008d300000|100%| S|CS|TAMS 0x000000008d200000, 0x000000008d200000| Complete 
| 211|0x000000008d300000, 0x000000008d400000, 0x000000008d400000|100%| S|CS|TAMS 0x000000008d300000, 0x000000008d300000| Complete 
| 212|0x000000008d400000, 0x000000008d500000, 0x000000008d500000|100%| S|CS|TAMS 0x000000008d400000, 0x000000008d400000| Complete 
| 213|0x000000008d500000, 0x000000008d500000, 0x000000008d600000|  0%| F|  |TAMS 0x000000008d500000, 0x000000008d500000| Untracked 
| 214|0x000000008d600000, 0x000000008d600000, 0x000000008d700000|  0%| F|  |TAMS 0x000000008d600000, 0x000000008d600000| Untracked 
| 215|0x000000008d700000, 0x000000008d700000, 0x000000008d800000|  0%| F|  |TAMS 0x000000008d700000, 0x000000008d700000| Untracked 
| 216|0x000000008d800000, 0x000000008d800000, 0x000000008d900000|  0%| F|  |TAMS 0x000000008d800000, 0x000000008d800000| Untracked 
| 217|0x000000008d900000, 0x000000008d900000, 0x000000008da00000|  0%| F|  |TAMS 0x000000008d900000, 0x000000008d900000| Untracked 
| 218|0x000000008da00000, 0x000000008da00000, 0x000000008db00000|  0%| F|  |TAMS 0x000000008da00000, 0x000000008da00000| Untracked 
| 219|0x000000008db00000, 0x000000008db00000, 0x000000008dc00000|  0%| F|  |TAMS 0x000000008db00000, 0x000000008db00000| Untracked 
| 220|0x000000008dc00000, 0x000000008dc00000, 0x000000008dd00000|  0%| F|  |TAMS 0x000000008dc00000, 0x000000008dc00000| Untracked 
| 221|0x000000008dd00000, 0x000000008dd00000, 0x000000008de00000|  0%| F|  |TAMS 0x000000008dd00000, 0x000000008dd00000| Untracked 
| 222|0x000000008de00000, 0x000000008de00000, 0x000000008df00000|  0%| F|  |TAMS 0x000000008de00000, 0x000000008de00000| Untracked 
| 223|0x000000008df00000, 0x000000008df00000, 0x000000008e000000|  0%| F|  |TAMS 0x000000008df00000, 0x000000008df00000| Untracked 
| 224|0x000000008e000000, 0x000000008e000000, 0x000000008e100000|  0%| F|  |TAMS 0x000000008e000000, 0x000000008e000000| Untracked 
| 225|0x000000008e100000, 0x000000008e100000, 0x000000008e200000|  0%| F|  |TAMS 0x000000008e100000, 0x000000008e100000| Untracked 
| 226|0x000000008e200000, 0x000000008e200000, 0x000000008e300000|  0%| F|  |TAMS 0x000000008e200000, 0x000000008e200000| Untracked 
| 227|0x000000008e300000, 0x000000008e300000, 0x000000008e400000|  0%| F|  |TAMS 0x000000008e300000, 0x000000008e300000| Untracked 
| 228|0x000000008e400000, 0x000000008e400000, 0x000000008e500000|  0%| F|  |TAMS 0x000000008e400000, 0x000000008e400000| Untracked 
| 229|0x000000008e500000, 0x000000008e500000, 0x000000008e600000|  0%| F|  |TAMS 0x000000008e500000, 0x000000008e500000| Untracked 
| 230|0x000000008e600000, 0x000000008e600000, 0x000000008e700000|  0%| F|  |TAMS 0x000000008e600000, 0x000000008e600000| Untracked 
| 231|0x000000008e700000, 0x000000008e700000, 0x000000008e800000|  0%| F|  |TAMS 0x000000008e700000, 0x000000008e700000| Untracked 
| 232|0x000000008e800000, 0x000000008e800000, 0x000000008e900000|  0%| F|  |TAMS 0x000000008e800000, 0x000000008e800000| Untracked 
| 233|0x000000008e900000, 0x000000008e900000, 0x000000008ea00000|  0%| F|  |TAMS 0x000000008e900000, 0x000000008e900000| Untracked 

Card table byte_map: [0x000001e729560000,0x000001e729960000] _byte_map_base: 0x000001e729160000

Marking Bits (Prev, Next): (CMBitMap*) 0x000001e7149fa9f8, (CMBitMap*) 0x000001e7149faa30
 Prev Bits: [0x000001e729d60000, 0x000001e72bd60000)
 Next Bits: [0x000001e72bd60000, 0x000001e72dd60000)

Polling page: 0x000001e714aa0000

Metaspace:

Usage:
  Non-class:    113.18 MB capacity,   110.80 MB ( 98%) used,     2.03 MB (  2%) free+waste,   364.44 KB ( <1%) overhead. 
      Class:     16.79 MB capacity,    15.60 MB ( 93%) used,     1.03 MB (  6%) free+waste,   164.56 KB ( <1%) overhead. 
       Both:    129.98 MB capacity,   126.40 MB ( 97%) used,     3.06 MB (  2%) free+waste,   529.00 KB ( <1%) overhead. 

Virtual space:
  Non-class space:      114.00 MB reserved,     113.20 MB (>99%) committed 
      Class space:        1.00 GB reserved,      16.82 MB (  2%) committed 
             Both:        1.11 GB reserved,     130.03 MB ( 11%) committed 

Chunk freelists:
   Non-Class:  19.00 KB
       Class:  20.00 KB
        Both:  39.00 KB

MaxMetaspaceSize: 17179869184.00 GB
CompressedClassSpaceSize: 1.00 GB

CodeHeap 'non-profiled nmethods': size=120064Kb used=9168Kb max_used=9168Kb free=110896Kb
 bounds [0x000001e721600000, 0x000001e721f00000, 0x000001e728b40000]
CodeHeap 'profiled nmethods': size=120000Kb used=36534Kb max_used=36534Kb free=83466Kb
 bounds [0x000001e71a0d0000, 0x000001e71c4a0000, 0x000001e721600000]
CodeHeap 'non-nmethods': size=5696Kb used=2372Kb max_used=2423Kb free=3324Kb
 bounds [0x000001e719b40000, 0x000001e719db0000, 0x000001e71a0d0000]
 total_blobs=18260 nmethods=17257 adapters=912
 compilation: enabled
              stopped_count=0, restarted_count=0
 full_count=0

Compilation events (20 events):
Event: 211.730 Thread 0x000001e7303d4800 19493       2       com.android.tools.r8.code.f::<init> (7 bytes)
Event: 211.731 Thread 0x000001e7303d4800 nmethod 19493 0x000001e71c48c310 code [0x000001e71c48c4e0, 0x000001e71c48c718]
Event: 211.739 Thread 0x000001e7303d4800 19494       2       com.android.tools.r8.graph.v1::a (143 bytes)
Event: 211.741 Thread 0x000001e7303d4800 nmethod 19494 0x000001e71c48c910 code [0x000001e71c48cb60, 0x000001e71c48d2c8]
Event: 211.744 Thread 0x000001e7303d4800 19495       2       com.android.tools.r8.w.a.a.a.h.f0::a (27 bytes)
Event: 211.745 Thread 0x000001e7303d4800 nmethod 19495 0x000001e71c48d690 code [0x000001e71c48d840, 0x000001e71c48da58]
Event: 211.745 Thread 0x000001e7303d4800 19496       2       com.android.tools.r8.w.a.a.a.h.f0$e::<init> (6 bytes)
Event: 211.745 Thread 0x000001e7303d4800 nmethod 19496 0x000001e71c48db10 code [0x000001e71c48dcc0, 0x000001e71c48de18]
Event: 211.745 Thread 0x000001e7303d4800 19497       2       com.android.tools.r8.w.a.a.a.h.f0$e::iterator (12 bytes)
Event: 211.746 Thread 0x000001e7303d4800 nmethod 19497 0x000001e71c48de90 code [0x000001e71c48e040, 0x000001e71c48e228]
Event: 211.748 Thread 0x000001e7303d4800 19498       2       com.android.tools.r8.graph.t0$d::l (2 bytes)
Event: 211.748 Thread 0x000001e7303d4800 nmethod 19498 0x000001e71c48e310 code [0x000001e71c48e4c0, 0x000001e71c48e5b8]
Event: 211.774 Thread 0x000001e7303d4800 19501       2       com.android.tools.r8.code.h1::<init> (7 bytes)
Event: 211.775 Thread 0x000001e7303d4800 nmethod 19501 0x000001e71c48e690 code [0x000001e71c48e860, 0x000001e71c48ea28]
Event: 211.790 Thread 0x000001e7303d4800 19503       2       com.android.tools.r8.code.T2::hashCode (28 bytes)
Event: 211.790 Thread 0x000001e7303d4800 nmethod 19503 0x000001e71c48eb90 code [0x000001e71c48ed40, 0x000001e71c48ee88]
Event: 211.796 Thread 0x000001e7303d4800 19504       2       com.android.tools.r8.code.T2::<init> (58 bytes)
Event: 211.797 Thread 0x000001e7303d4800 nmethod 19504 0x000001e71c48ef10 code [0x000001e71c48f120, 0x000001e71c48f6a8]
Event: 211.798 Thread 0x000001e7303d4800 19505       2       com.android.tools.r8.graph.B::d (73 bytes)
Event: 211.800 Thread 0x000001e7303d4800 nmethod 19505 0x000001e71c48fb10 code [0x000001e71c48fd40, 0x000001e71c490258]

GC Heap History (20 events):
Event: 199.135 GC heap after
{Heap after GC invocations=74 (full 0):
 garbage-first heap   total 199680K, used 143328K [0x0000000080000000, 0x0000000100000000)
  region size 1024K, 4 young (4096K), 4 survivors (4096K)
 Metaspace       used 122496K, capacity 125903K, committed 125980K, reserved 1159168K
  class space    used 15017K, capacity 16146K, committed 16204K, reserved 1048576K
}
Event: 199.679 GC heap before
{Heap before GC invocations=74 (full 0):
 garbage-first heap   total 199680K, used 157664K [0x0000000080000000, 0x0000000100000000)
  region size 1024K, 29 young (29696K), 4 survivors (4096K)
 Metaspace       used 122675K, capacity 126127K, committed 126236K, reserved 1159168K
  class space    used 15028K, capacity 16178K, committed 16204K, reserved 1048576K
}
Event: 199.690 GC heap after
{Heap after GC invocations=75 (full 0):
 garbage-first heap   total 199680K, used 130512K [0x0000000080000000, 0x0000000100000000)
  region size 1024K, 1 young (1024K), 1 survivors (1024K)
 Metaspace       used 122675K, capacity 126127K, committed 126236K, reserved 1159168K
  class space    used 15028K, capacity 16178K, committed 16204K, reserved 1048576K
}
Event: 201.068 GC heap before
{Heap before GC invocations=76 (full 0):
 garbage-first heap   total 199680K, used 165328K [0x0000000080000000, 0x0000000100000000)
  region size 1024K, 36 young (36864K), 1 survivors (1024K)
 Metaspace       used 123590K, capacity 126984K, committed 127132K, reserved 1161216K
  class space    used 15113K, capacity 16248K, committed 16332K, reserved 1048576K
}
Event: 201.077 GC heap after
{Heap after GC invocations=77 (full 0):
 garbage-first heap   total 239616K, used 130782K [0x0000000080000000, 0x0000000100000000)
  region size 1024K, 1 young (1024K), 1 survivors (1024K)
 Metaspace       used 123590K, capacity 126984K, committed 127132K, reserved 1161216K
  class space    used 15113K, capacity 16248K, committed 16332K, reserved 1048576K
}
Event: 201.526 GC heap before
{Heap before GC invocations=77 (full 0):
 garbage-first heap   total 239616K, used 139998K [0x0000000080000000, 0x0000000100000000)
  region size 1024K, 11 young (11264K), 1 survivors (1024K)
 Metaspace       used 123666K, capacity 127089K, committed 127388K, reserved 1161216K
  class space    used 15124K, capacity 16283K, committed 16332K, reserved 1048576K
}
Event: 201.534 GC heap after
{Heap after GC invocations=78 (full 0):
 garbage-first heap   total 239616K, used 122456K [0x0000000080000000, 0x0000000100000000)
  region size 1024K, 1 young (1024K), 1 survivors (1024K)
 Metaspace       used 123666K, capacity 127089K, committed 127388K, reserved 1161216K
  class space    used 15124K, capacity 16283K, committed 16332K, reserved 1048576K
}
Event: 205.310 GC heap before
{Heap before GC invocations=78 (full 0):
 garbage-first heap   total 239616K, used 186968K [0x0000000080000000, 0x0000000100000000)
  region size 1024K, 65 young (66560K), 1 survivors (1024K)
 Metaspace       used 125308K, capacity 128830K, committed 128924K, reserved 1161216K
  class space    used 15335K, capacity 16497K, committed 16588K, reserved 1048576K
}
Event: 205.326 GC heap after
{Heap after GC invocations=79 (full 0):
 garbage-first heap   total 239616K, used 126299K [0x0000000080000000, 0x0000000100000000)
  region size 1024K, 5 young (5120K), 5 survivors (5120K)
 Metaspace       used 125308K, capacity 128830K, committed 128924K, reserved 1161216K
  class space    used 15335K, capacity 16497K, committed 16588K, reserved 1048576K
}
Event: 207.975 GC heap before
{Heap before GC invocations=80 (full 0):
 garbage-first heap   total 239616K, used 208219K [0x0000000080000000, 0x0000000100000000)
  region size 1024K, 68 young (69632K), 5 survivors (5120K)
 Metaspace       used 126476K, capacity 130050K, committed 130332K, reserved 1163264K
  class space    used 15471K, capacity 16651K, committed 16716K, reserved 1048576K
}
Event: 208.004 GC heap after
{Heap after GC invocations=81 (full 0):
 garbage-first heap   total 239616K, used 148241K [0x0000000080000000, 0x0000000100000000)
  region size 1024K, 9 young (9216K), 9 survivors (9216K)
 Metaspace       used 126476K, capacity 130050K, committed 130332K, reserved 1163264K
  class space    used 15471K, capacity 16651K, committed 16716K, reserved 1048576K
}
Event: 208.010 GC heap before
{Heap before GC invocations=81 (full 0):
 garbage-first heap   total 239616K, used 151313K [0x0000000080000000, 0x0000000100000000)
  region size 1024K, 11 young (11264K), 9 survivors (9216K)
 Metaspace       used 126479K, capacity 130050K, committed 130332K, reserved 1163264K
  class space    used 15472K, capacity 16651K, committed 16716K, reserved 1048576K
}
Event: 208.028 GC heap after
{Heap after GC invocations=82 (full 0):
 garbage-first heap   total 239616K, used 146739K [0x0000000080000000, 0x0000000100000000)
  region size 1024K, 2 young (2048K), 2 survivors (2048K)
 Metaspace       used 126479K, capacity 130050K, committed 130332K, reserved 1163264K
  class space    used 15472K, capacity 16651K, committed 16716K, reserved 1048576K
}
Event: 208.490 GC heap before
{Heap before GC invocations=82 (full 0):
 garbage-first heap   total 239616K, used 187699K [0x0000000080000000, 0x0000000100000000)
  region size 1024K, 43 young (44032K), 2 survivors (2048K)
 Metaspace       used 127284K, capacity 130863K, committed 130972K, reserved 1163264K
  class space    used 15588K, capacity 16756K, committed 16844K, reserved 1048576K
}
Event: 208.558 GC heap after
{Heap after GC invocations=83 (full 0):
 garbage-first heap   total 239616K, used 160231K [0x0000000080000000, 0x0000000100000000)
  region size 1024K, 7 young (7168K), 7 survivors (7168K)
 Metaspace       used 127284K, capacity 130863K, committed 130972K, reserved 1163264K
  class space    used 15588K, capacity 16756K, committed 16844K, reserved 1048576K
}
Event: 211.424 GC heap before
{Heap before GC invocations=84 (full 0):
 garbage-first heap   total 239616K, used 195047K [0x0000000080000000, 0x0000000100000000)
  region size 1024K, 41 young (41984K), 7 survivors (7168K)
 Metaspace       used 129410K, capacity 133030K, committed 133148K, reserved 1165312K
  class space    used 15974K, capacity 17196K, committed 17228K, reserved 1048576K
}
Event: 211.504 GC heap after
{Heap after GC invocations=85 (full 0):
 garbage-first heap   total 239616K, used 175065K [0x0000000080000000, 0x0000000100000000)
  region size 1024K, 6 young (6144K), 6 survivors (6144K)
 Metaspace       used 129410K, capacity 133030K, committed 133148K, reserved 1165312K
  class space    used 15974K, capacity 17196K, committed 17228K, reserved 1048576K
}
Event: 211.568 GC heap before
{Heap before GC invocations=85 (full 0):
 garbage-first heap   total 239616K, used 180185K [0x0000000080000000, 0x0000000100000000)
  region size 1024K, 11 young (11264K), 6 survivors (6144K)
 Metaspace       used 129416K, capacity 133030K, committed 133148K, reserved 1165312K
  class space    used 15974K, capacity 17196K, committed 17228K, reserved 1048576K
}
Event: 211.619 GC heap after
{Heap after GC invocations=86 (full 0):
 garbage-first heap   total 239616K, used 177664K [0x0000000080000000, 0x0000000100000000)
  region size 1024K, 2 young (2048K), 2 survivors (2048K)
 Metaspace       used 129416K, capacity 133030K, committed 133148K, reserved 1165312K
  class space    used 15974K, capacity 17196K, committed 17228K, reserved 1048576K
}
Event: 211.801 GC heap before
{Heap before GC invocations=86 (full 0):
 garbage-first heap   total 239616K, used 197120K [0x0000000080000000, 0x0000000100000000)
  region size 1024K, 21 young (21504K), 2 survivors (2048K)
 Metaspace       used 129430K, capacity 133097K, committed 133148K, reserved 1165312K
  class space    used 15974K, capacity 17196K, committed 17228K, reserved 1048576K
}

Deoptimization events (20 events):
Event: 211.076 Thread 0x000001e738d6e800 DEOPT PACKING pc=0x000001e721eb718c sp=0x0000005deb1fe9f0
Event: 211.076 Thread 0x000001e738d6e800 DEOPT UNPACKING pc=0x000001e719b674af sp=0x0000005deb1fe9a8 mode 2
Event: 211.227 Thread 0x000001e738d70000 DEOPT PACKING pc=0x000001e71c3e8518 sp=0x0000005deb6fe8c0
Event: 211.227 Thread 0x000001e738d70000 DEOPT UNPACKING pc=0x000001e719b672ce sp=0x0000005deb6fdea8 mode 0
Event: 211.298 Thread 0x000001e738d6c000 DEOPT PACKING pc=0x000001e71c3eea91 sp=0x0000005deb2fe8f0
Event: 211.298 Thread 0x000001e738d6c000 DEOPT UNPACKING pc=0x000001e719b672ce sp=0x0000005deb2fdfb0 mode 0
Event: 211.360 Thread 0x000001e738d70000 DEOPT PACKING pc=0x000001e71c4264fe sp=0x0000005deb6fe2f0
Event: 211.361 Thread 0x000001e738d70000 DEOPT UNPACKING pc=0x000001e719b672ce sp=0x0000005deb6fd870 mode 0
Event: 211.562 Thread 0x000001e738d6c000 Uncommon trap: trap_request=0xffffffbe fr.pc=0x000001e721ef4894 relative=0x0000000000000954
Event: 211.562 Thread 0x000001e738d6c000 Uncommon trap: reason=profile_predicate action=maybe_recompile pc=0x000001e721ef4894 method=com.android.tools.r8.graph.q0.a(Ljava/lang/String;)[B @ 63 c2
Event: 211.562 Thread 0x000001e738d6c000 DEOPT PACKING pc=0x000001e721ef4894 sp=0x0000005deb2fec10
Event: 211.562 Thread 0x000001e738d6c000 DEOPT UNPACKING pc=0x000001e719b674af sp=0x0000005deb2febc8 mode 2
Event: 211.562 Thread 0x000001e738d6c000 Uncommon trap: trap_request=0xffffffbe fr.pc=0x000001e721ef4894 relative=0x0000000000000954
Event: 211.562 Thread 0x000001e738d6c000 Uncommon trap: reason=profile_predicate action=maybe_recompile pc=0x000001e721ef4894 method=com.android.tools.r8.graph.q0.a(Ljava/lang/String;)[B @ 63 c2
Event: 211.562 Thread 0x000001e738d6c000 DEOPT PACKING pc=0x000001e721ef4894 sp=0x0000005deb2fec10
Event: 211.562 Thread 0x000001e738d6c000 DEOPT UNPACKING pc=0x000001e719b674af sp=0x0000005deb2febc8 mode 2
Event: 211.563 Thread 0x000001e738d6e000 DEOPT PACKING pc=0x000001e71c44690d sp=0x0000005deb5fe850
Event: 211.563 Thread 0x000001e738d6e000 DEOPT UNPACKING pc=0x000001e719b672ce sp=0x0000005deb5fde10 mode 0
Event: 211.643 Thread 0x000001e738d70000 DEOPT PACKING pc=0x000001e71c44f4e9 sp=0x0000005deb6fe590
Event: 211.643 Thread 0x000001e738d70000 DEOPT UNPACKING pc=0x000001e719b672ce sp=0x0000005deb6fdae8 mode 0

Classes redefined (0 events):
No events

Internal exceptions (20 events):
Event: 207.661 Thread 0x000001e734b66000 Exception <a 'sun/nio/fs/WindowsException'{0x000000008b41af60}> (0x000000008b41af60) thrown at [./src/hotspot/share/prims/jni.cpp, line 615]
Event: 207.661 Thread 0x000001e734b66000 Exception <a 'sun/nio/fs/WindowsException'{0x000000008b41bb48}> (0x000000008b41bb48) thrown at [./src/hotspot/share/prims/jni.cpp, line 615]
Event: 207.720 Thread 0x000001e734b66000 Exception <a 'java/lang/NoSuchMethodError'{0x000000008b2877a8}: <clinit>> (0x000000008b2877a8) thrown at [./src/hotspot/share/prims/jni.cpp, line 1362]
Event: 207.722 Thread 0x000001e734b66000 Exception <a 'java/lang/NoSuchMethodError'{0x000000008b2a4250}: <clinit>> (0x000000008b2a4250) thrown at [./src/hotspot/share/prims/jni.cpp, line 1362]
Event: 208.033 Thread 0x000001e734b67000 Exception <a 'sun/nio/fs/WindowsException'{0x000000008e894040}> (0x000000008e894040) thrown at [./src/hotspot/share/prims/jni.cpp, line 615]
Event: 208.033 Thread 0x000001e734b67000 Exception <a 'sun/nio/fs/WindowsException'{0x000000008e894128}> (0x000000008e894128) thrown at [./src/hotspot/share/prims/jni.cpp, line 615]
Event: 208.033 Thread 0x000001e734b67000 Exception <a 'sun/nio/fs/WindowsException'{0x000000008e895c28}> (0x000000008e895c28) thrown at [./src/hotspot/share/prims/jni.cpp, line 615]
Event: 208.265 Thread 0x000001e734b67000 Exception <a 'sun/nio/fs/WindowsException'{0x000000008d8e60f8}> (0x000000008d8e60f8) thrown at [./src/hotspot/share/prims/jni.cpp, line 615]
Event: 208.265 Thread 0x000001e734b67000 Exception <a 'sun/nio/fs/WindowsException'{0x000000008d8e6cf0}> (0x000000008d8e6cf0) thrown at [./src/hotspot/share/prims/jni.cpp, line 615]
Event: 208.265 Thread 0x000001e734b67000 Exception <a 'sun/nio/fs/WindowsException'{0x000000008d8e7020}> (0x000000008d8e7020) thrown at [./src/hotspot/share/prims/jni.cpp, line 615]
Event: 208.313 Thread 0x000001e73635a000 Exception <a 'java/lang/NoSuchMethodError'{0x000000008d21a7f8}: 'java.lang.Object java.lang.invoke.DirectMethodHandle$Holder.invokeVirtual(java.lang.Object, java.lang.Object, int)'> (0x000000008d21a7f8) thrown at [./src/hotspot/share/interpreter/linkResolver.cpp, line 773]
Event: 208.386 Thread 0x000001e73635a000 Exception <a 'java/lang/NoSuchMethodError'{0x000000008d23c0f8}: 'void java.lang.invoke.DirectMethodHandle$Holder.invokeStatic(java.lang.Object, java.lang.Object, java.lang.Object, int)'> (0x000000008d23c0f8) thrown at [./src/hotspot/share/interpreter/linkResolver.cpp, line 773]
Event: 208.413 Thread 0x000001e73635a800 Exception <a 'java/lang/NoSuchMethodError'{0x000000008df13b70}: 'void java.lang.invoke.DirectMethodHandle$Holder.invokeStatic(java.lang.Object, long)'> (0x000000008df13b70) thrown at [./src/hotspot/share/interpreter/linkResolver.cpp, line 773]
Event: 208.414 Thread 0x000001e73635a800 Exception <a 'java/lang/NoSuchMethodError'{0x000000008c7bce60}: 'java.lang.Object java.lang.invoke.DirectMethodHandle$Holder.invokeStatic(java.lang.Object, long)'> (0x000000008c7bce60) thrown at [./src/hotspot/share/interpreter/linkResolver.cpp, line 773]
Event: 208.417 Thread 0x000001e73635a800 Exception <a 'java/lang/NoSuchMethodError'{0x000000008c7cb348}: 'java.lang.Object java.lang.invoke.DirectMethodHandle$Holder.invokeStaticInit(java.lang.Object, java.lang.Object, long, java.lang.Object)'> (0x000000008c7cb348) thrown at [./src/hotspot/share/interpreter/linkResolver.cpp, line 773]
Event: 208.418 Thread 0x000001e73635a800 Exception <a 'java/lang/NoSuchMethodError'{0x000000008c7d14e0}: 'java.lang.Object java.lang.invoke.DirectMethodHandle$Holder.invokeStatic(java.lang.Object, java.lang.Object, long)'> (0x000000008c7d14e0) thrown at [./src/hotspot/share/interpreter/linkResolver.cpp, line 773]
Event: 208.419 Thread 0x000001e73635a800 Exception <a 'java/lang/NoSuchMethodError'{0x000000008c7d7a58}: 'java.lang.Object java.lang.invoke.Invokers$Holder.linkToTargetMethod(java.lang.Object, long, java.lang.Object)'> (0x000000008c7d7a58) thrown at [./src/hotspot/share/interpreter/linkResolver.cpp, line 773]
Event: 208.595 Thread 0x000001e734b67000 Exception <a 'sun/nio/fs/WindowsException'{0x000000008e7097c0}> (0x000000008e7097c0) thrown at [./src/hotspot/share/prims/jni.cpp, line 615]
Event: 208.595 Thread 0x000001e734b67000 Exception <a 'sun/nio/fs/WindowsException'{0x000000008e70a3d8}> (0x000000008e70a3d8) thrown at [./src/hotspot/share/prims/jni.cpp, line 615]
Event: 210.881 Thread 0x000001e738d70000 Exception <a 'java/lang/NoSuchMethodError'{0x000000008e228fd8}: 'java.lang.Object java.lang.invoke.DirectMethodHandle$Holder.newInvokeSpecial(java.lang.Object, int)'> (0x000000008e228fd8) thrown at [./src/hotspot/share/interpreter/linkResolver.cpp, line 773]

Events (20 events):
Event: 211.191 loading class com/android/tools/r8/w/a/a/a/h/h0 done
Event: 211.191 loading class com/android/tools/r8/w/a/a/a/h/h0
Event: 211.191 loading class com/android/tools/r8/w/a/a/a/h/h0 done
Event: 211.191 loading class com/android/tools/r8/graph/v1
Event: 211.191 loading class com/android/tools/r8/graph/v1 done
Event: 211.191 loading class com/android/tools/r8/graph/v1
Event: 211.191 loading class com/android/tools/r8/graph/v1 done
Event: 211.191 loading class com/android/tools/r8/w/a/a/a/h/f0$d
Event: 211.191 loading class com/android/tools/r8/w/a/a/a/h/f0$d done
Event: 211.192 loading class com/android/tools/r8/w/a/a/a/h/g0
Event: 211.192 loading class com/android/tools/r8/w/a/a/a/h/g0 done
Event: 211.207 loading class com/android/tools/r8/v/a/t/k
Event: 211.207 loading class com/android/tools/r8/v/a/t/k done
Event: 211.208 loading class com/android/tools/r8/v/a/t/i
Event: 211.208 loading class com/android/tools/r8/v/a/t/i done
Event: 211.423 Executing VM operation: G1CollectForAllocation
Event: 211.504 Executing VM operation: G1CollectForAllocation done
Event: 211.567 Executing VM operation: G1CollectForAllocation
Event: 211.619 Executing VM operation: G1CollectForAllocation done
Event: 211.800 Executing VM operation: G1CollectForAllocation


Dynamic libraries:
0x00007ff651f00000 - 0x00007ff651f0a000 	C:\Program Files\Android\Android Studio\jre\bin\java.exe
0x00007fffeb250000 - 0x00007fffeb445000 	C:\Windows\SYSTEM32\ntdll.dll
0x00007fffeb0a0000 - 0x00007fffeb15d000 	C:\Windows\System32\KERNEL32.DLL
0x00007fffe8c50000 - 0x00007fffe8f18000 	C:\Windows\System32\KERNELBASE.dll
0x00007fffe8af0000 - 0x00007fffe8bf0000 	C:\Windows\System32\ucrtbase.dll
0x00007fffe2570000 - 0x00007fffe2589000 	C:\Program Files\Android\Android Studio\jre\bin\jli.dll
0x00007fffe2550000 - 0x00007fffe2567000 	C:\Program Files\Android\Android Studio\jre\bin\VCRUNTIME140.dll
0x00007fffe9ea0000 - 0x00007fffea040000 	C:\Windows\System32\USER32.dll
0x00007fffe8bf0000 - 0x00007fffe8c12000 	C:\Windows\System32\win32u.dll
0x00007fffd8f60000 - 0x00007fffd91fa000 	C:\Windows\WinSxS\amd64_microsoft.windows.common-controls_6595b64144ccf1df_6.0.19041.844_none_ca00b6081b84eb1d\COMCTL32.dll
0x00007fffe93a0000 - 0x00007fffe93ca000 	C:\Windows\System32\GDI32.dll
0x00007fffe9b20000 - 0x00007fffe9bbe000 	C:\Windows\System32\msvcrt.dll
0x00007fffe90d0000 - 0x00007fffe91db000 	C:\Windows\System32\gdi32full.dll
0x00007fffe9030000 - 0x00007fffe90cd000 	C:\Windows\System32\msvcp_win.dll
0x00007fffe9370000 - 0x00007fffe93a0000 	C:\Windows\System32\IMM32.DLL
0x00007fffd7100000 - 0x00007fffd719d000 	C:\Program Files\Android\Android Studio\jre\bin\msvcp140.dll
0x00007fffc0da0000 - 0x00007fffc185c000 	C:\Program Files\Android\Android Studio\jre\bin\server\jvm.dll
0x00007fffeb160000 - 0x00007fffeb20c000 	C:\Windows\System32\ADVAPI32.dll
0x00007fffe92b0000 - 0x00007fffe934b000 	C:\Windows\System32\sechost.dll
0x00007fffeaf70000 - 0x00007fffeb09b000 	C:\Windows\System32\RPCRT4.dll
0x00007fffe9360000 - 0x00007fffe9368000 	C:\Windows\System32\PSAPI.DLL
0x00007fffe48c0000 - 0x00007fffe48c9000 	C:\Windows\SYSTEM32\WSOCK32.dll
0x00007fffd56a0000 - 0x00007fffd56c7000 	C:\Windows\SYSTEM32\WINMM.dll
0x00007fffdb8d0000 - 0x00007fffdb8da000 	C:\Windows\SYSTEM32\VERSION.dll
0x00007fffe9cf0000 - 0x00007fffe9d5b000 	C:\Windows\System32\WS2_32.dll
0x00007fffe68e0000 - 0x00007fffe68f2000 	C:\Windows\SYSTEM32\kernel.appcore.dll
0x00007fffe2730000 - 0x00007fffe2741000 	C:\Program Files\Android\Android Studio\jre\bin\verify.dll
0x00007fffd3d60000 - 0x00007fffd3f44000 	C:\Windows\SYSTEM32\DBGHELP.DLL
0x00007fffd3d30000 - 0x00007fffd3d5c000 	C:\Windows\SYSTEM32\dbgcore.DLL
0x00007fffe9230000 - 0x00007fffe92b0000 	C:\Windows\System32\bcryptPrimitives.dll
0x00007fffe0a80000 - 0x00007fffe0aa9000 	C:\Program Files\Android\Android Studio\jre\bin\java.dll
0x00007fffe37c0000 - 0x00007fffe37cb000 	C:\Program Files\Android\Android Studio\jre\bin\jimage.dll
0x00007fffe26e0000 - 0x00007fffe26f8000 	C:\Program Files\Android\Android Studio\jre\bin\zip.dll
0x00007fffea820000 - 0x00007fffeaf62000 	C:\Windows\System32\SHELL32.dll
0x00007fffe6ae0000 - 0x00007fffe7270000 	C:\Windows\SYSTEM32\windows.storage.dll
0x00007fffea040000 - 0x00007fffea395000 	C:\Windows\System32\combase.dll
0x00007fffe8400000 - 0x00007fffe842c000 	C:\Windows\SYSTEM32\Wldp.dll
0x00007fffe98a0000 - 0x00007fffe994e000 	C:\Windows\System32\SHCORE.dll
0x00007fffea450000 - 0x00007fffea4a5000 	C:\Windows\System32\shlwapi.dll
0x00007fffe88d0000 - 0x00007fffe88ef000 	C:\Windows\SYSTEM32\profapi.dll
0x00007fffe0a60000 - 0x00007fffe0a7a000 	C:\Program Files\Android\Android Studio\jre\bin\net.dll
0x00007fffdd0b0000 - 0x00007fffdd1bb000 	C:\Windows\SYSTEM32\WINHTTP.dll
0x00007fffe8170000 - 0x00007fffe81da000 	C:\Windows\system32\mswsock.dll
0x00007fffdc4d0000 - 0x00007fffdc4e4000 	C:\Program Files\Android\Android Studio\jre\bin\nio.dll
0x00007fffd71e0000 - 0x00007fffd7207000 	C:\Users\User\.gradle\native\fdc75f09e3144964f2cf3f50f0aa648679c211496f362492102eb8c894070792\windows-amd64\native-platform.dll
0x00007fffceda0000 - 0x00007fffcef36000 	C:\Users\User\.gradle\native\12488b8bf47d2d4c9fbf2f6322a914ad602e24e48041cd04a747c6da556b65c4\windows-amd64\native-platform-file-events.dll
0x00007fffe2720000 - 0x00007fffe272a000 	C:\Program Files\Android\Android Studio\jre\bin\management.dll
0x00007fffdd330000 - 0x00007fffdd33c000 	C:\Program Files\Android\Android Studio\jre\bin\management_ext.dll
0x00007fffe8340000 - 0x00007fffe8358000 	C:\Windows\SYSTEM32\CRYPTSP.dll
0x00007fffe7aa0000 - 0x00007fffe7ad4000 	C:\Windows\system32\rsaenh.dll
0x00007fffe8c20000 - 0x00007fffe8c47000 	C:\Windows\System32\bcrypt.dll
0x00007fffe8850000 - 0x00007fffe887e000 	C:\Windows\SYSTEM32\USERENV.dll
0x00007fffe8360000 - 0x00007fffe836c000 	C:\Windows\SYSTEM32\CRYPTBASE.dll
0x00007fffe7e10000 - 0x00007fffe7e4b000 	C:\Windows\SYSTEM32\IPHLPAPI.DLL
0x00007fffe9350000 - 0x00007fffe9358000 	C:\Windows\System32\NSI.dll
0x00007fffde550000 - 0x00007fffde567000 	C:\Windows\SYSTEM32\dhcpcsvc6.DLL
0x00007fffde760000 - 0x00007fffde77d000 	C:\Windows\SYSTEM32\dhcpcsvc.DLL
0x00007fffe7e60000 - 0x00007fffe7f2c000 	C:\Windows\SYSTEM32\DNSAPI.dll
0x00007fffe0da0000 - 0x00007fffe0dab000 	C:\Windows\SYSTEM32\WINNSI.DLL
0x00007fffdbbc0000 - 0x00007fffdbbe7000 	C:\Program Files\Android\Android Studio\jre\bin\sunec.dll
0x00007fffdd0a0000 - 0x00007fffdd0aa000 	C:\Windows\System32\rasadhlp.dll
0x00007fffdd690000 - 0x00007fffdd70f000 	C:\Windows\System32\fwpuclnt.dll

dbghelp: loaded successfully - version: 4.0.5 - missing functions: none
symbol engine: initialized successfully - sym options: 0x614 - pdb path: .;C:\Program Files\Android\Android Studio\jre\bin;C:\Windows\SYSTEM32;C:\Windows\WinSxS\amd64_microsoft.windows.common-controls_6595b64144ccf1df_6.0.19041.844_none_ca00b6081b84eb1d;C:\Program Files\Android\Android Studio\jre\bin\server;C:\Users\User\.gradle\native\fdc75f09e3144964f2cf3f50f0aa648679c211496f362492102eb8c894070792\windows-amd64;C:\Users\User\.gradle\native\12488b8bf47d2d4c9fbf2f6322a914ad602e24e48041cd04a747c6da556b65c4\windows-amd64

VM Arguments:
jvm_args: --add-opens=java.base/java.util=ALL-UNNAMED --add-opens=java.base/java.lang=ALL-UNNAMED --add-opens=java.base/java.lang.invoke=ALL-UNNAMED --add-opens=java.prefs/java.util.prefs=ALL-UNNAMED -Xmx2048m -Dfile.encoding=UTF-8 -Duser.country=BR -Duser.language=pt -Duser.variant 
java_command: org.gradle.launcher.daemon.bootstrap.GradleDaemon 6.7.1
java_class_path (initial): C:\Users\User\.gradle\wrapper\dists\gradle-6.7.1-bin\bwlcbys1h7rz3272sye1xwiv6\gradle-6.7.1\lib\gradle-launcher-6.7.1.jar
Launcher Type: SUN_STANDARD

[Global flags]
     intx CICompilerCount                          = 3                                         {product} {ergonomic}
     uint ConcGCThreads                            = 1                                         {product} {ergonomic}
     uint G1ConcRefinementThreads                  = 4                                         {product} {ergonomic}
   size_t G1HeapRegionSize                         = 1048576                                   {product} {ergonomic}
    uintx GCDrainStackTargetSize                   = 64                                        {product} {ergonomic}
   size_t InitialHeapSize                          = 67108864                                  {product} {ergonomic}
   size_t MarkStackSize                            = 4194304                                   {product} {ergonomic}
   size_t MaxHeapSize                              = 2147483648                                {product} {command line}
   size_t MaxNewSize                               = 1287651328                                {product} {ergonomic}
   size_t MinHeapDeltaBytes                        = 1048576                                   {product} {ergonomic}
    uintx NonNMethodCodeHeapSize                   = 5830732                                {pd product} {ergonomic}
    uintx NonProfiledCodeHeapSize                  = 122913754                              {pd product} {ergonomic}
    uintx ProfiledCodeHeapSize                     = 122913754                              {pd product} {ergonomic}
    uintx ReservedCodeCacheSize                    = 251658240                              {pd product} {ergonomic}
     bool SegmentedCodeCache                       = true                                      {product} {ergonomic}
     bool UseCompressedClassPointers               = true                                 {lp64_product} {ergonomic}
     bool UseCompressedOops                        = true                                 {lp64_product} {ergonomic}
     bool UseG1GC                                  = true                                      {product} {ergonomic}
     bool UseLargePagesIndividualAllocation        = false                                  {pd product} {ergonomic}

Logging:
Log output configuration:
 #0: stdout all=warning uptime,level,tags
 #1: stderr all=off uptime,level,tags

Environment Variables:
JAVA_HOME=C:\Program Files\Java\jdk-16.0.1
PATH=C:\Program Files\Common Files\Oracle\Java\javapath;C:\Windows\system32;C:\Windows;C:\Windows\System32\Wbem;C:\Windows\System32\WindowsPowerShell\v1.0\;C:\Windows\System32\OpenSSH\;C:\Program Files\Git\cmd;%JAVA_HOME%\bin;C:\Users\User\AppData\Local\Android\Sdk\platform-tools;C:\Users\User\AppData\Local\Microsoft\WindowsApps;C:\IntelliJ IDEA Community Edition 2021.1.3\bin;;C:\Users\User\AppData\Local\Android\Sdk\platform-tools;
USERNAME=User
OS=Windows_NT
PROCESSOR_IDENTIFIER=Intel64 Family 6 Model 61 Stepping 4, GenuineIntel



---------------  S Y S T E M  ---------------

OS: Windows 10 , 64 bit Build 19041 (10.0.19041.928)
OS uptime: 0 days 23:58 hours

CPU:total 4 (initial active 4) (2 cores per cpu, 2 threads per core) family 6 model 61 stepping 4, cmov, cx8, fxsr, mmx, sse, sse2, sse3, ssse3, sse4.1, sse4.2, popcnt, avx, avx2, aes, clmul, erms, 3dnowpref, lzcnt, ht, tsc, tscinvbit, bmi1, bmi2, adx, fma

Memory: 4k page, system-wide physical 3991M (218M free)
TotalPageFile size 3991M (AvailPageFile size 42M)
current process WorkingSet (physical memory assigned to process): 485M, peak: 485M
current process commit charge ("private bytes"): 614M, peak: 677M

vm_info: OpenJDK 64-Bit Server VM (11.0.8+10-b944.6842174) for windows-amd64 JRE (11.0.8+10-b944.6842174), built on Sep 19 2020 01:11:42 by "builder" with MS VC++ 14.0 (VS2015)

END.
